#
# There is insufficient memory for the Java Runtime Environment to continue.
# Native memory allocation (malloc) failed to allocate 2238736 bytes for Chunk::new
# Possible reasons:
#   The system is out of physical RAM or swap space
#   The process is running with CompressedOops enabled, and the Java Heap may be blocking the growth of the native heap
# Possible solutions:
#   Reduce memory load on the system
#   Increase physical memory or swap space
#   Check if swap backing store is full
#   Decrease Java heap size (-Xmx/-Xms)
#   Decrease number of Java threads
#   Decrease Java thread stack sizes (-Xss)
#   Set larger code cache with -XX:ReservedCodeCacheSize=
#   JVM is running with Unscaled Compressed Oops mode in which the Java heap is
#     placed in the first 4GB address space. The Java Heap base address is the
#     maximum limit for the native heap growth. Please use -XX:HeapBaseMinAddress
#     to set the Java Heap base and to place the Java Heap above 4GB virtual address.
# This output file may be truncated or incomplete.
#
#  Out of Memory Error (allocation.cpp:389), pid=2284, tid=0x0000000000003e68
#
# JRE version: OpenJDK Runtime Environment (8.0_242-b01) (build 1.8.0_242-release-1644-b01)
# Java VM: OpenJDK 64-Bit Server VM (25.242-b01 mixed mode windows-amd64 compressed oops)
# Failed to write core dump. Minidumps are not enabled by default on client versions of Windows
#

---------------  T H R E A D  ---------------

Current thread (0x000000001a238000):  JavaThread "C2 CompilerThread2" daemon [_thread_in_native, id=15976, stack(0x000000001acf0000,0x000000001adf0000)]

Stack: [0x000000001acf0000,0x000000001adf0000]
[error occurred during error reporting (printing stack bounds), id 0xc0000005]

Native frames: (J=compiled Java code, j=interpreted, Vv=VM code, C=native code)


Current CompileTask:
C2:   6747 2389       4       java.net.URLClassLoader$1::run (5 bytes)


---------------  P R O C E S S  ---------------

Java Threads: ( => current thread )
  0x000000001a240000 JavaThread "Cache worker for execution history cache (C:\Users\ps4ka\.gradle\caches\6.1.1\executionHistory)" [_thread_blocked, id=17372, stack(0x0000000022840000,0x0000000022940000)]
  0x000000001a241000 JavaThread "Cache worker for cache directory md-rule (C:\Users\ps4ka\.gradle\caches\6.1.1\md-rule)" [_thread_blocked, id=36248, stack(0x0000000021610000,0x0000000021710000)]
  0x000000001a23e800 JavaThread "Cache worker for cache directory md-supplier (C:\Users\ps4ka\.gradle\caches\6.1.1\md-supplier)" [_thread_blocked, id=24204, stack(0x0000000021510000,0x0000000021610000)]
  0x000000001a23b800 JavaThread "Cache worker for file hash cache (C:\Users\ps4ka\AndroidStudioProjects\SimpleToDo\.gradle\6.1.1\fileHashes)" [_thread_blocked, id=3096, stack(0x0000000022740000,0x0000000022840000)]
  0x000000001a23e000 JavaThread "Cache worker for checksums cache (C:\Users\ps4ka\AndroidStudioProjects\SimpleToDo\.gradle\checksums)" [_thread_blocked, id=28056, stack(0x000000001f010000,0x000000001f110000)]
  0x000000001a242800 JavaThread "Cache worker for file hash cache (C:\Users\ps4ka\.gradle\caches\6.1.1\fileHashes)" [_thread_blocked, id=23432, stack(0x000000001ef10000,0x000000001f010000)]
  0x000000001a23c800 JavaThread "File lock request listener" [_thread_in_native, id=33244, stack(0x000000001ee10000,0x000000001ef10000)]
  0x000000001d151800 JavaThread "Cache worker for journal cache (C:\Users\ps4ka\.gradle\caches\journal-1)" [_thread_blocked, id=32740, stack(0x000000001ed10000,0x000000001ee10000)]
  0x000000001cdef800 JavaThread "Thread-9" [_thread_blocked, id=21036, stack(0x000000001ea10000,0x000000001eb10000)]
  0x000000001cded000 JavaThread "Stdin handler" [_thread_blocked, id=1488, stack(0x000000001e910000,0x000000001ea10000)]
  0x000000001cd82800 JavaThread "Asynchronous log dispatcher for DefaultDaemonConnection: socket connection from /127.0.0.1:65477 to /127.0.0.1:65478" [_thread_blocked, id=26752, stack(0x000000001e810000,0x000000001e910000)]
  0x000000001cda2000 JavaThread "Daemon worker" [_thread_blocked, id=26592, stack(0x000000001e710000,0x000000001e810000)]
  0x000000001cdec000 JavaThread "Cancel handler" [_thread_blocked, id=24944, stack(0x000000001e610000,0x000000001e710000)]
  0x000000001c522800 JavaThread "Handler for socket connection from /127.0.0.1:65477 to /127.0.0.1:65478" [_thread_in_native, id=34788, stack(0x000000001e310000,0x000000001e410000)]
  0x000000001c51d000 JavaThread "Daemon" [_thread_blocked, id=30740, stack(0x000000001e210000,0x000000001e310000)]
  0x000000001cd33000 JavaThread "Daemon periodic checks" [_thread_blocked, id=30440, stack(0x000000001e110000,0x000000001e210000)]
  0x000000001cce2800 JavaThread "Incoming local TCP Connector on port 65477" [_thread_in_native, id=5240, stack(0x000000001ded0000,0x000000001dfd0000)]
  0x000000001b17f000 JavaThread "Daemon health stats" [_thread_blocked, id=4376, stack(0x000000001d890000,0x000000001d990000)]
  0x000000001a2bc000 JavaThread "Service Thread" daemon [_thread_blocked, id=28548, stack(0x000000001aef0000,0x000000001aff0000)]
  0x000000001a241800 JavaThread "C1 CompilerThread3" daemon [_thread_blocked, id=10748, stack(0x000000001adf0000,0x000000001aef0000)]
=>0x000000001a238000 JavaThread "C2 CompilerThread2" daemon [_thread_in_native, id=15976, stack(0x000000001acf0000,0x000000001adf0000)]
  0x000000001841c800 JavaThread "C2 CompilerThread1" daemon [_thread_in_native, id=22540, stack(0x000000001abf0000,0x000000001acf0000)]
  0x000000001a226000 JavaThread "C2 CompilerThread0" daemon [_thread_in_native, id=25228, stack(0x000000001aaf0000,0x000000001abf0000)]
  0x000000001a224800 JavaThread "Attach Listener" daemon [_thread_blocked, id=36824, stack(0x000000001a9f0000,0x000000001aaf0000)]
  0x000000001a223800 JavaThread "Signal Dispatcher" daemon [_thread_blocked, id=10776, stack(0x000000001a8f0000,0x000000001a9f0000)]
  0x00000000032ad800 JavaThread "Finalizer" daemon [_thread_blocked, id=9220, stack(0x000000001a6f0000,0x000000001a7f0000)]
  0x000000001a210800 JavaThread "Reference Handler" daemon [_thread_blocked, id=27540, stack(0x000000001a5f0000,0x000000001a6f0000)]
  0x000000000339e000 JavaThread "main" [_thread_blocked, id=30096, stack(0x0000000002fe0000,0x00000000030e0000)]

Other Threads:
  0x0000000018408000 VMThread [stack: 0x000000001a0f0000,0x000000001a1f0000] [id=3120]
  0x000000001a2bc800 WatcherThread [stack: 0x000000001aff0000,0x000000001b0f0000] [id=26692]

VM state:at safepoint (normal execution)

VM Mutex/Monitor currently owned by a thread:  ([mutex/lock_event])
[0x000000000339cdb0] Threads_lock - owner thread: 0x0000000018408000

heap address: 0x0000000080000000, size: 2048 MB, Compressed Oops mode: 32-bit
Narrow klass base: 0x0000000000000000, Narrow klass shift: 3
Compressed class space size: 1073741824 Address: 0x0000000100000000

Heap:
 PSYoungGen      total 62464K, used 8840K [0x00000000d5580000, 0x00000000d9d80000, 0x0000000100000000)
  eden space 51200K, 2% used [0x00000000d5580000,0x00000000d5694d80,0x00000000d8780000)
  from space 11264K, 68% used [0x00000000d8780000,0x00000000d8f0d638,0x00000000d9280000)
  to   space 7680K, 0% used [0x00000000d9600000,0x00000000d9600000,0x00000000d9d80000)
 ParOldGen       total 61952K, used 9013K [0x0000000080000000, 0x0000000083c80000, 0x00000000d5580000)
  object space 61952K, 14% used [0x0000000080000000,0x00000000808cd750,0x0000000083c80000)
 Metaspace       used 31761K, capacity 32456K, committed 32816K, reserved 1077248K
  class space    used 4321K, capacity 4542K, committed 4656K, reserved 1048576K

Card table byte_map: [0x0000000012760000,0x0000000012b70000] byte_map_base: 0x0000000012360000

Marking Bits: (ParMarkBitMap*) 0x000000006542f030
 Begin Bits: [0x0000000013620000, 0x0000000015620000)
 End Bits:   [0x0000000015620000, 0x0000000017620000)

Polling page: 0x0000000001210000

CodeCache: size=245760Kb used=9722Kb max_used=9734Kb free=236037Kb
 bounds [0x00000000033a0000, 0x0000000003d30000, 0x00000000123a0000]
 total_blobs=3202 nmethods=2520 adapters=595
 compilation: enabled

Compilation events (10 events):
Event: 6.729 Thread 0x000000001a241800 2531       3       sun.reflect.generics.reflectiveObjects.ParameterizedTypeImpl::hashCode (24 bytes)
Event: 6.730 Thread 0x000000001a241800 nmethod 2531 0x0000000003d250d0 code [0x0000000003d25260, 0x0000000003d256e8]
Event: 6.730 Thread 0x000000001a241800 2532       1       sun.reflect.generics.tree.TypeVariableSignature::getIdentifier (5 bytes)
Event: 6.730 Thread 0x000000001a241800 nmethod 2532 0x0000000003d25890 code [0x0000000003d259e0, 0x0000000003d25af0]
Event: 6.730 Thread 0x000000001a241800 2533       1       sun.reflect.generics.factory.CoreReflectionFactory::getScope (5 bytes)
Event: 6.730 Thread 0x000000001a241800 nmethod 2533 0x0000000003d25b50 code [0x0000000003d25ca0, 0x0000000003d25db0]
Event: 6.732 Thread 0x000000001a241800 2534       3       sun.reflect.generics.reflectiveObjects.TypeVariableImpl::hashCode (16 bytes)
Event: 6.732 Thread 0x000000001a241800 nmethod 2534 0x0000000003d25e10 code [0x0000000003d25f80, 0x0000000003d26258]
Event: 6.735 Thread 0x000000001a241800 2535       1       sun.reflect.generics.tree.MethodTypeSignature::getFormalTypeParameters (5 bytes)
Event: 6.735 Thread 0x000000001a241800 nmethod 2535 0x0000000003d26350 code [0x0000000003d264a0, 0x0000000003d265b0]

GC Heap History (10 events):
Event: 3.956 GC heap after
Heap after GC invocations=5 (full 0):
 PSYoungGen      total 38400K, used 5104K [0x00000000d5580000, 0x00000000daa80000, 0x0000000100000000)
  eden space 33280K, 0% used [0x00000000d5580000,0x00000000d5580000,0x00000000d7600000)
  from space 5120K, 99% used [0x00000000d7600000,0x00000000d7afc030,0x00000000d7b00000)
  to   space 10240K, 0% used [0x00000000da080000,0x00000000da080000,0x00000000daa80000)
 ParOldGen       total 87552K, used 7258K [0x0000000080000000, 0x0000000085580000, 0x00000000d5580000)
  object space 87552K, 8% used [0x0000000080000000,0x0000000080716be0,0x0000000085580000)
 Metaspace       used 18173K, capacity 18710K, committed 18816K, reserved 1064960K
  class space    used 2491K, capacity 2667K, committed 2688K, reserved 1048576K
}
Event: 4.578 GC heap before
{Heap before GC invocations=6 (full 0):
 PSYoungGen      total 38400K, used 37002K [0x00000000d5580000, 0x00000000daa80000, 0x0000000100000000)
  eden space 33280K, 95% used [0x00000000d5580000,0x00000000d74a69e0,0x00000000d7600000)
  from space 5120K, 99% used [0x00000000d7600000,0x00000000d7afc030,0x00000000d7b00000)
  to   space 10240K, 0% used [0x00000000da080000,0x00000000da080000,0x00000000daa80000)
 ParOldGen       total 87552K, used 7258K [0x0000000080000000, 0x0000000085580000, 0x00000000d5580000)
  object space 87552K, 8% used [0x0000000080000000,0x0000000080716be0,0x0000000085580000)
 Metaspace       used 20613K, capacity 21224K, committed 21296K, reserved 1067008K
  class space    used 2883K, capacity 3084K, committed 3120K, reserved 1048576K
Event: 4.590 GC heap after
Heap after GC invocations=6 (full 0):
 PSYoungGen      total 43520K, used 8456K [0x00000000d5580000, 0x00000000daa80000, 0x0000000100000000)
  eden space 33280K, 0% used [0x00000000d5580000,0x00000000d5580000,0x00000000d7600000)
  from space 10240K, 82% used [0x00000000da080000,0x00000000da8c23c0,0x00000000daa80000)
  to   space 5120K, 0% used [0x00000000d7600000,0x00000000d7600000,0x00000000d7b00000)
 ParOldGen       total 87552K, used 7266K [0x0000000080000000, 0x0000000085580000, 0x00000000d5580000)
  object space 87552K, 8% used [0x0000000080000000,0x0000000080718be0,0x0000000085580000)
 Metaspace       used 20613K, capacity 21224K, committed 21296K, reserved 1067008K
  class space    used 2883K, capacity 3084K, committed 3120K, reserved 1048576K
}
Event: 4.590 GC heap before
{Heap before GC invocations=7 (full 1):
 PSYoungGen      total 43520K, used 8456K [0x00000000d5580000, 0x00000000daa80000, 0x0000000100000000)
  eden space 33280K, 0% used [0x00000000d5580000,0x00000000d5580000,0x00000000d7600000)
  from space 10240K, 82% used [0x00000000da080000,0x00000000da8c23c0,0x00000000daa80000)
  to   space 5120K, 0% used [0x00000000d7600000,0x00000000d7600000,0x00000000d7b00000)
 ParOldGen       total 87552K, used 7266K [0x0000000080000000, 0x0000000085580000, 0x00000000d5580000)
  object space 87552K, 8% used [0x0000000080000000,0x0000000080718be0,0x0000000085580000)
 Metaspace       used 20613K, capacity 21224K, committed 21296K, reserved 1067008K
  class space    used 2883K, capacity 3084K, committed 3120K, reserved 1048576K
Event: 4.640 GC heap after
Heap after GC invocations=7 (full 1):
 PSYoungGen      total 43520K, used 0K [0x00000000d5580000, 0x00000000daa80000, 0x0000000100000000)
  eden space 33280K, 0% used [0x00000000d5580000,0x00000000d5580000,0x00000000d7600000)
  from space 10240K, 0% used [0x00000000da080000,0x00000000da080000,0x00000000daa80000)
  to   space 5120K, 0% used [0x00000000d7600000,0x00000000d7600000,0x00000000d7b00000)
 ParOldGen       total 61952K, used 8989K [0x0000000080000000, 0x0000000083c80000, 0x00000000d5580000)
  object space 61952K, 14% used [0x0000000080000000,0x00000000808c7750,0x0000000083c80000)
 Metaspace       used 20613K, capacity 21224K, committed 21296K, reserved 1067008K
  class space    used 2883K, capacity 3084K, committed 3120K, reserved 1048576K
}
Event: 5.284 GC heap before
{Heap before GC invocations=8 (full 1):
 PSYoungGen      total 43520K, used 33280K [0x00000000d5580000, 0x00000000daa80000, 0x0000000100000000)
  eden space 33280K, 100% used [0x00000000d5580000,0x00000000d7600000,0x00000000d7600000)
  from space 10240K, 0% used [0x00000000da080000,0x00000000da080000,0x00000000daa80000)
  to   space 5120K, 0% used [0x00000000d7600000,0x00000000d7600000,0x00000000d7b00000)
 ParOldGen       total 61952K, used 8989K [0x0000000080000000, 0x0000000083c80000, 0x00000000d5580000)
  object space 61952K, 14% used [0x0000000080000000,0x00000000808c7750,0x0000000083c80000)
 Metaspace       used 22810K, capacity 23494K, committed 23728K, reserved 1069056K
  class space    used 3242K, capacity 3479K, committed 3504K, reserved 1048576K
Event: 5.288 GC heap after
Heap after GC invocations=8 (full 1):
 PSYoungGen      total 38400K, used 3023K [0x00000000d5580000, 0x00000000da100000, 0x0000000100000000)
  eden space 33280K, 0% used [0x00000000d5580000,0x00000000d5580000,0x00000000d7600000)
  from space 5120K, 59% used [0x00000000d7600000,0x00000000d78f3d60,0x00000000d7b00000)
  to   space 11264K, 0% used [0x00000000d9600000,0x00000000d9600000,0x00000000da100000)
 ParOldGen       total 61952K, used 8997K [0x0000000080000000, 0x0000000083c80000, 0x00000000d5580000)
  object space 61952K, 14% used [0x0000000080000000,0x00000000808c9750,0x0000000083c80000)
 Metaspace       used 22810K, capacity 23494K, committed 23728K, reserved 1069056K
  class space    used 3242K, capacity 3479K, committed 3504K, reserved 1048576K
}
Event: 5.996 GC heap before
{Heap before GC invocations=9 (full 1):
 PSYoungGen      total 38400K, used 35320K [0x00000000d5580000, 0x00000000da100000, 0x0000000100000000)
  eden space 33280K, 97% used [0x00000000d5580000,0x00000000d750a5a0,0x00000000d7600000)
  from space 5120K, 59% used [0x00000000d7600000,0x00000000d78f3d60,0x00000000d7b00000)
  to   space 11264K, 0% used [0x00000000d9600000,0x00000000d9600000,0x00000000da100000)
 ParOldGen       total 61952K, used 8997K [0x0000000080000000, 0x0000000083c80000, 0x00000000d5580000)
  object space 61952K, 14% used [0x0000000080000000,0x00000000808c9750,0x0000000083c80000)
 Metaspace       used 28277K, capacity 28912K, committed 29232K, reserved 1075200K
  class space    used 3903K, capacity 4127K, committed 4144K, reserved 1048576K
Event: 6.007 GC heap after
Heap after GC invocations=9 (full 1):
 PSYoungGen      total 58880K, used 7007K [0x00000000d5580000, 0x00000000d9d80000, 0x0000000100000000)
  eden space 51200K, 0% used [0x00000000d5580000,0x00000000d5580000,0x00000000d8780000)
  from space 7680K, 91% used [0x00000000d9600000,0x00000000d9cd7fc8,0x00000000d9d80000)
  to   space 11264K, 0% used [0x00000000d8780000,0x00000000d8780000,0x00000000d9280000)
 ParOldGen       total 61952K, used 9005K [0x0000000080000000, 0x0000000083c80000, 0x00000000d5580000)
  object space 61952K, 14% used [0x0000000080000000,0x00000000808cb750,0x0000000083c80000)
 Metaspace       used 28277K, capacity 28912K, committed 29232K, reserved 1075200K
  class space    used 3903K, capacity 4127K, committed 4144K, reserved 1048576K
}
Event: 6.735 GC heap before
{Heap before GC invocations=10 (full 1):
 PSYoungGen      total 58880K, used 58207K [0x00000000d5580000, 0x00000000d9d80000, 0x0000000100000000)
  eden space 51200K, 100% used [0x00000000d5580000,0x00000000d8780000,0x00000000d8780000)
  from space 7680K, 91% used [0x00000000d9600000,0x00000000d9cd7fc8,0x00000000d9d80000)
  to   space 11264K, 0% used [0x00000000d8780000,0x00000000d8780000,0x00000000d9280000)
 ParOldGen       total 61952K, used 9005K [0x0000000080000000, 0x0000000083c80000, 0x00000000d5580000)
  object space 61952K, 14% used [0x0000000080000000,0x00000000808cb750,0x0000000083c80000)
 Metaspace       used 31760K, capacity 32456K, committed 32816K, reserved 1077248K
  class space    used 4321K, capacity 4542K, committed 4656K, reserved 1048576K

Deoptimization events (10 events):
Event: 5.956 Thread 0x000000001cda2000 Uncommon trap: reason=unstable_if action=reinterpret pc=0x00000000038a8b78 method=java.lang.String.regionMatches(ZILjava/lang/String;II)Z @ 41
Event: 5.972 Thread 0x000000001cda2000 Uncommon trap: reason=class_check action=maybe_recompile pc=0x0000000003af3158 method=sun.misc.URLClassPath.getLoader(I)Lsun/misc/URLClassPath$Loader; @ 239
Event: 6.007 Thread 0x000000001a210800 Uncommon trap: reason=unstable_if action=reinterpret pc=0x00000000038e34fc method=java.lang.ref.Reference.tryHandlePending(Z)Z @ 104
Event: 6.287 Thread 0x000000001cda2000 Uncommon trap: reason=unstable_if action=reinterpret pc=0x00000000035ff54c method=java.util.HashMap.getNode(ILjava/lang/Object;)Ljava/util/HashMap$Node; @ 53
Event: 6.287 Thread 0x000000001cda2000 Uncommon trap: reason=unstable_if action=reinterpret pc=0x000000000386b044 method=java.util.HashMap.hash(Ljava/lang/Object;)I @ 1
Event: 6.410 Thread 0x000000001cda2000 Uncommon trap: reason=unstable_if action=reinterpret pc=0x0000000003ca0738 method=org.gradle.internal.reflect.PropertyAccessorType.isGetGetterName(Ljava/lang/String;)Z @ 14
Event: 6.447 Thread 0x000000001cda2000 Uncommon trap: reason=unstable_if action=reinterpret pc=0x0000000003aa57c0 method=org.objectweb.asm.ByteVector.putShort(I)Lorg/objectweb/asm/ByteVector; @ 13
Event: 6.563 Thread 0x000000001cda2000 Uncommon trap: reason=class_check action=maybe_recompile pc=0x0000000003af2654 method=sun.misc.URLClassPath.getLoader(I)Lsun/misc/URLClassPath$Loader; @ 94
Event: 6.569 Thread 0x000000001cda2000 Uncommon trap: reason=class_check action=maybe_recompile pc=0x0000000003ae5d50 method=sun.misc.URLClassPath.getLoader(I)Lsun/misc/URLClassPath$Loader; @ 239
Event: 6.688 Thread 0x000000001cda2000 Uncommon trap: reason=unstable_if action=reinterpret pc=0x0000000003d120c4 method=org.codehaus.groovy.runtime.metaclass.MetaMethodIndex.addMethodToList(Ljava/lang/Object;Lgroovy/lang/MetaMethod;)Ljava/lang/Object; @ 226

Classes redefined (0 events):
No events

Internal exceptions (10 events):
Event: 6.714 Thread 0x000000001cda2000 Exception <a 'java/lang/ClassNotFoundException': org/gradle/api/internal/artifacts/dsl/DefaultRepositoryHandlerBeanInfo> (0x00000000d85562a8) thrown at [C:\src\AOSP-openjdk-git\hotspot\src\share\vm\classfile\systemDictionary.cpp, line 210]
Event: 6.716 Thread 0x000000001cda2000 Exception <a 'java/lang/ClassNotFoundException': org/gradle/api/internal/artifacts/DefaultArtifactRepositoryContainerBeanInfo> (0x00000000d85abe80) thrown at [C:\src\AOSP-openjdk-git\hotspot\src\share\vm\classfile\systemDictionary.cpp, line 210]
Event: 6.718 Thread 0x000000001cda2000 Exception <a 'java/lang/ClassNotFoundException': org/gradle/api/internal/DefaultNamedDomainObjectListBeanInfo> (0x00000000d85e0aa0) thrown at [C:\src\AOSP-openjdk-git\hotspot\src\share\vm\classfile\systemDictionary.cpp, line 210]
Event: 6.719 Thread 0x000000001cda2000 Exception <a 'java/lang/ClassNotFoundException': org/gradle/api/internal/DefaultNamedDomainObjectCollectionBeanInfo> (0x00000000d8617c58) thrown at [C:\src\AOSP-openjdk-git\hotspot\src\share\vm\classfile\systemDictionary.cpp, line 210]
Event: 6.721 Thread 0x000000001cda2000 Exception <a 'java/lang/ClassNotFoundException': org/gradle/api/internal/DefaultDomainObjectCollectionBeanInfo> (0x00000000d864d670) thrown at [C:\src\AOSP-openjdk-git\hotspot\src\share\vm\classfile\systemDictionary.cpp, line 210]
Event: 6.721 Thread 0x000000001cda2000 Exception <a 'java/lang/ClassNotFoundException': java/util/AbstractCollectionBeanInfo> (0x00000000d8651dc8) thrown at [C:\src\AOSP-openjdk-git\hotspot\src\share\vm\classfile\systemDictionary.cpp, line 210]
Event: 6.721 Thread 0x000000001cda2000 Exception <a 'java/lang/ClassNotFoundException': java/util/AbstractCollectionCustomizer> (0x00000000d8656530) thrown at [C:\src\AOSP-openjdk-git\hotspot\src\share\vm\classfile\systemDictionary.cpp, line 210]
Event: 6.725 Thread 0x000000001cda2000 Exception <a 'java/lang/ClassNotFoundException': org/gradle/api/internal/DefaultDomainObjectCollectionCustomizer> (0x00000000d869d3e0) thrown at [C:\src\AOSP-openjdk-git\hotspot\src\share\vm\classfile\systemDictionary.cpp, line 210]
Event: 6.729 Thread 0x000000001cda2000 Exception <a 'java/lang/ClassNotFoundException': org/gradle/api/internal/DefaultNamedDomainObjectCollectionCustomizer> (0x00000000d86fcd58) thrown at [C:\src\AOSP-openjdk-git\hotspot\src\share\vm\classfile\systemDictionary.cpp, line 210]
Event: 6.734 Thread 0x000000001cda2000 Exception <a 'java/lang/ClassNotFoundException': org/gradle/api/internal/DefaultNamedDomainObjectListCustomizer> (0x00000000d8773160) thrown at [C:\src\AOSP-openjdk-git\hotspot\src\share\vm\classfile\systemDictionary.cpp, line 210]

Events (10 events):
Event: 6.731 loading class org/gradle/api/internal/DefaultNamedDomainObjectCollection$ObjectBackedElementInfo done
Event: 6.732 loading class org/gradle/api/internal/DefaultNamedDomainObjectListCustomizer
Event: 6.732 loading class org/gradle/api/internal/DefaultNamedDomainObjectListCustomizer done
Event: 6.733 loading class org/gradle/api/internal/DefaultNamedDomainObjectListCustomizer
Event: 6.733 loading class org/gradle/api/internal/DefaultNamedDomainObjectListCustomizer done
Event: 6.733 loading class org/gradle/api/internal/DefaultNamedDomainObjectListCustomizer
Event: 6.733 loading class org/gradle/api/internal/DefaultNamedDomainObjectListCustomizer done
Event: 6.734 loading class org/gradle/api/internal/DefaultNamedDomainObjectListCustomizer
Event: 6.734 loading class org/gradle/api/internal/DefaultNamedDomainObjectListCustomizer done
Event: 6.735 Executing VM operation: ParallelGCFailedAllocation


Dynamic libraries:
0x00007ff729790000 - 0x00007ff7297c1000 	C:\Program Files\Android\Android Studio\jre\bin\java.exe
0x00007fff1aca0000 - 0x00007fff1ae90000 	C:\WINDOWS\SYSTEM32\ntdll.dll
0x00007fff198d0000 - 0x00007fff19982000 	C:\WINDOWS\System32\KERNEL32.DLL
0x00007fff18010000 - 0x00007fff182b4000 	C:\WINDOWS\System32\KERNELBASE.dll
0x00007fff18fd0000 - 0x00007fff19073000 	C:\WINDOWS\System32\ADVAPI32.dll
0x00007fff19e50000 - 0x00007fff19eee000 	C:\WINDOWS\System32\msvcrt.dll
0x00007fff1a0b0000 - 0x00007fff1a147000 	C:\WINDOWS\System32\sechost.dll
0x00007fff19500000 - 0x00007fff19620000 	C:\WINDOWS\System32\RPCRT4.dll
0x00007fff19730000 - 0x00007fff198c4000 	C:\WINDOWS\System32\USER32.dll
0x00007fff182c0000 - 0x00007fff182e1000 	C:\WINDOWS\System32\win32u.dll
0x00007fff1a150000 - 0x00007fff1a176000 	C:\WINDOWS\System32\GDI32.dll
0x00007fff18420000 - 0x00007fff185b6000 	C:\WINDOWS\System32\gdi32full.dll
0x00007fff17d70000 - 0x00007fff17e0e000 	C:\WINDOWS\System32\msvcp_win.dll
0x00007fff17e10000 - 0x00007fff17f0a000 	C:\WINDOWS\System32\ucrtbase.dll
0x00007fff018a0000 - 0x00007fff01b24000 	C:\WINDOWS\WinSxS\amd64_microsoft.windows.common-controls_6595b64144ccf1df_6.0.18362.959_none_e6c7bbbf130c62bb\COMCTL32.dll
0x00007fff199a0000 - 0x00007fff19cd5000 	C:\WINDOWS\System32\combase.dll
0x00007fff183a0000 - 0x00007fff18420000 	C:\WINDOWS\System32\bcryptPrimitives.dll
0x00007fff19e20000 - 0x00007fff19e4e000 	C:\WINDOWS\System32\IMM32.DLL
0x0000000064aa0000 - 0x0000000064b72000 	C:\Program Files\Android\Android Studio\jre\jre\bin\msvcr100.dll
0x0000000064c60000 - 0x00000000654ab000 	C:\Program Files\Android\Android Studio\jre\jre\bin\server\jvm.dll
0x00007fff1ac50000 - 0x00007fff1ac58000 	C:\WINDOWS\System32\PSAPI.DLL
0x00007fff0f440000 - 0x00007fff0f449000 	C:\WINDOWS\SYSTEM32\WSOCK32.dll
0x00007fff15800000 - 0x00007fff15824000 	C:\WINDOWS\SYSTEM32\WINMM.dll
0x00007fff11370000 - 0x00007fff1137a000 	C:\WINDOWS\SYSTEM32\VERSION.dll
0x00007fff19d00000 - 0x00007fff19d6f000 	C:\WINDOWS\System32\WS2_32.dll
0x00007fff15380000 - 0x00007fff153ad000 	C:\WINDOWS\SYSTEM32\WINMMBASE.dll
0x00007fff18350000 - 0x00007fff1839a000 	C:\WINDOWS\System32\cfgmgr32.dll
0x00007fff011b0000 - 0x00007fff011bf000 	C:\Program Files\Android\Android Studio\jre\jre\bin\verify.dll
0x00007ffeeb3c0000 - 0x00007ffeeb3e9000 	C:\Program Files\Android\Android Studio\jre\jre\bin\java.dll
0x00007ffef3660000 - 0x00007ffef3676000 	C:\Program Files\Android\Android Studio\jre\jre\bin\zip.dll
0x00007fff1a4e0000 - 0x00007fff1abc6000 	C:\WINDOWS\System32\SHELL32.dll
0x00007fff19d70000 - 0x00007fff19e19000 	C:\WINDOWS\System32\shcore.dll
0x00007fff185c0000 - 0x00007fff18d42000 	C:\WINDOWS\System32\windows.storage.dll
0x00007fff17ba0000 - 0x00007fff17bc3000 	C:\WINDOWS\System32\profapi.dll
0x00007fff17bd0000 - 0x00007fff17c1a000 	C:\WINDOWS\System32\powrprof.dll
0x00007fff17b50000 - 0x00007fff17b60000 	C:\WINDOWS\System32\UMPDC.dll
0x00007fff1a250000 - 0x00007fff1a2a2000 	C:\WINDOWS\System32\shlwapi.dll
0x00007fff17b80000 - 0x00007fff17b91000 	C:\WINDOWS\System32\kernel.appcore.dll
0x00007fff17f10000 - 0x00007fff17f27000 	C:\WINDOWS\System32\cryptsp.dll
0x00007ffeeefb0000 - 0x00007ffeeefca000 	C:\Program Files\Android\Android Studio\jre\jre\bin\net.dll
0x00007fff17360000 - 0x00007fff173c7000 	C:\WINDOWS\system32\mswsock.dll
0x00007ffeee420000 - 0x00007ffeee433000 	C:\Program Files\Android\Android Studio\jre\jre\bin\nio.dll
0x00007ffee7730000 - 0x00007ffee7756000 	C:\Users\ps4ka\.gradle\native\31\windows-amd64\native-platform.dll
0x00007ffef7c20000 - 0x00007ffef7c2d000 	C:\Program Files\Android\Android Studio\jre\jre\bin\management.dll
0x00007fff16ed0000 - 0x00007fff16f03000 	C:\WINDOWS\system32\rsaenh.dll
0x00007fff17fe0000 - 0x00007fff18006000 	C:\WINDOWS\System32\bcrypt.dll
0x00007fff17a70000 - 0x00007fff17a95000 	C:\WINDOWS\SYSTEM32\USERENV.dll
0x00007fff17530000 - 0x00007fff1753c000 	C:\WINDOWS\SYSTEM32\CRYPTBASE.dll
0x00007fff17070000 - 0x00007fff170aa000 	C:\WINDOWS\SYSTEM32\IPHLPAPI.DLL
0x00007fff19080000 - 0x00007fff19088000 	C:\WINDOWS\System32\NSI.dll
0x00007fff0f8c0000 - 0x00007fff0f8d6000 	C:\WINDOWS\SYSTEM32\dhcpcsvc6.DLL
0x00007fff11430000 - 0x00007fff1144c000 	C:\WINDOWS\SYSTEM32\dhcpcsvc.DLL
0x00007fff170b0000 - 0x00007fff1717b000 	C:\WINDOWS\SYSTEM32\DNSAPI.dll

VM Arguments:
jvm_args: -Xmx2048m -Dfile.encoding=windows-1252 -Duser.country=US -Duser.language=en -Duser.variant 
java_command: org.gradle.launcher.daemon.bootstrap.GradleDaemon 6.1.1
java_class_path (initial): C:\Users\ps4ka\.gradle\wrapper\dists\gradle-6.1.1-all\cfmwm155h49vnt3hynmlrsdst\gradle-6.1.1\lib\gradle-launcher-6.1.1.jar
Launcher Type: SUN_STANDARD

Environment Variables:
PATH=C:\Program Files (x86)\Common Files\Oracle\Java\javapath;C:\WINDOWS\system32;C:\WINDOWS;C:\WINDOWS\System32\Wbem;C:\WINDOWS\System32\WindowsPowerShell\v1.0\;C:\WINDOWS\System32\OpenSSH\;C:\Program Files\Git\cmd;C:\Users\ps4ka\AppData\Local\Programs\Python\Python38\Scripts\;C:\Users\ps4ka\AppData\Local\Programs\Python\Python38\;C:\Users\ps4ka\AppData\Local\Programs\Python\Python36\Scripts\;C:\Users\ps4ka\AppData\Local\Programs\Python\Python36\;C:\Users\ps4ka\anaconda3;C:\Users\ps4ka\anaconda3\Library\mingw-w64\bin;C:\Users\ps4ka\anaconda3\Library\usr\bin;C:\Users\ps4ka\anaconda3\Library\bin;C:\Users\ps4ka\anaconda3\Scripts;C:\Users\ps4ka\AppData\Local\Programs\Python\Python38-32\Scripts\;C:\Users\ps4ka\AppData\Local\Programs\Python\Python38-32\;C:\Users\ps4ka\AppData\Local\Microsoft\WindowsApps;C:\Program Files\Java\jdk1.8.0_231\bin;
USERNAME=ps4ka
OS=Windows_NT
PROCESSOR_IDENTIFIER=Intel64 Family 6 Model 142 Stepping 10, GenuineIntel



---------------  S Y S T E M  ---------------

OS: Windows 10.0 , 64 bit Build 18362 (10.0.18362.959)

CPU:total 8 (initial active 8) (4 cores per cpu, 2 threads per core) family 6 model 142 stepping 10, cmov, cx8, fxsr, mmx, sse, sse2, sse3, ssse3, sse4.1, sse4.2, popcnt, avx, avx2, aes, clmul, erms, 3dnowpref, lzcnt, ht, tsc, tscinvbit, bmi1, bmi2, adx

Memory: 4k page, physical 8291556k(490960k free), swap 23757408k(5776k free)

vm_info: OpenJDK 64-Bit Server VM (25.242-b01) for windows-amd64 JRE (1.8.0_242-release-1644-b01), built by "builder" with MS VC++ 10.0 (VS2010)

time: Wed Aug 12 12:45:33 2020
timezone: Central Daylight Time
elapsed time: 6 seconds (0d 0h 0m 6s)

