#
# There is insufficient memory for the Java Runtime Environment to continue.
# Native memory allocation (malloc) failed to allocate 1365296 bytes for Chunk::new
# Possible reasons:
#   The system is out of physical RAM or swap space
#   The process is running with CompressedOops enabled, and the Java Heap may be blocking the growth of the native heap
# Possible solutions:
#   Reduce memory load on the system
#   Increase physical memory or swap space
#   Check if swap backing store is full
#   Decrease Java heap size (-Xmx/-Xms)
#   Decrease number of Java threads
#   Decrease Java thread stack sizes (-Xss)
#   Set larger code cache with -XX:ReservedCodeCacheSize=
#   JVM is running with Unscaled Compressed Oops mode in which the Java heap is
#     placed in the first 4GB address space. The Java Heap base address is the
#     maximum limit for the native heap growth. Please use -XX:HeapBaseMinAddress
#     to set the Java Heap base and to place the Java Heap above 4GB virtual address.
# This output file may be truncated or incomplete.
#
#  Out of Memory Error (allocation.cpp:389), pid=8356, tid=0x0000000000008d0c
#
# JRE version: OpenJDK Runtime Environment (8.0_242-b01) (build 1.8.0_242-release-1644-b01)
# Java VM: OpenJDK 64-Bit Server VM (25.242-b01 mixed mode windows-amd64 compressed oops)
# Failed to write core dump. Minidumps are not enabled by default on client versions of Windows
#

---------------  T H R E A D  ---------------

Current thread (0x0000000019d0d000):  JavaThread "C2 CompilerThread2" daemon [_thread_in_native, id=36108, stack(0x000000001a7d0000,0x000000001a8d0000)]

Stack: [0x000000001a7d0000,0x000000001a8d0000]
[error occurred during error reporting (printing stack bounds), id 0xc0000005]

Native frames: (J=compiled Java code, j=interpreted, Vv=VM code, C=native code)


Current CompileTask:
C2:   2771 1513       4       java.net.URLClassLoader$1::run (5 bytes)


---------------  P R O C E S S  ---------------

Java Threads: ( => current thread )
  0x000000001b95c800 JavaThread "Cache worker for file hash cache (C:\Users\ps4ka\.gradle\caches\6.1.1\fileHashes)" [_thread_blocked, id=6284, stack(0x000000001e9f0000,0x000000001eaf0000)]
  0x000000001b959000 JavaThread "File lock request listener" [_thread_in_native, id=35556, stack(0x000000001e8f0000,0x000000001e9f0000)]
  0x000000001bad1000 JavaThread "Cache worker for journal cache (C:\Users\ps4ka\.gradle\caches\journal-1)" [_thread_blocked, id=8868, stack(0x000000001e7f0000,0x000000001e8f0000)]
  0x000000001c6c7800 JavaThread "Thread-9" [_thread_blocked, id=32132, stack(0x000000001e4f0000,0x000000001e5f0000)]
  0x000000001c6e8800 JavaThread "Stdin handler" [_thread_blocked, id=26336, stack(0x000000001e3f0000,0x000000001e4f0000)]
  0x000000001c6e8000 JavaThread "Asynchronous log dispatcher for DefaultDaemonConnection: socket connection from /127.0.0.1:49241 to /127.0.0.1:49243" [_thread_blocked, id=23628, stack(0x000000001e2f0000,0x000000001e3f0000)]
  0x000000001c6d0800 JavaThread "Daemon worker" [_thread_in_native, id=22368, stack(0x000000001e1f0000,0x000000001e2f0000)]
  0x000000001c72e800 JavaThread "Cancel handler" [_thread_blocked, id=30088, stack(0x000000001e0f0000,0x000000001e1f0000)]
  0x000000001c687000 JavaThread "Handler for socket connection from /127.0.0.1:49241 to /127.0.0.1:49243" [_thread_in_native, id=17796, stack(0x000000001ddf0000,0x000000001def0000)]
  0x000000001c689000 JavaThread "Daemon" [_thread_blocked, id=12376, stack(0x000000001dcf0000,0x000000001ddf0000)]
  0x000000001c670800 JavaThread "Daemon periodic checks" [_thread_blocked, id=1364, stack(0x000000001dbf0000,0x000000001dcf0000)]
  0x000000001c615800 JavaThread "Incoming local TCP Connector on port 49241" [_thread_in_native, id=32388, stack(0x000000001d9b0000,0x000000001dab0000)]
  0x000000001c5ce800 JavaThread "Daemon health stats" [_thread_blocked, id=25608, stack(0x000000001d370000,0x000000001d470000)]
  0x0000000019d8c000 JavaThread "Service Thread" daemon [_thread_blocked, id=34144, stack(0x000000001a9d0000,0x000000001aad0000)]
  0x0000000019d12000 JavaThread "C1 CompilerThread3" daemon [_thread_blocked, id=140, stack(0x000000001a8d0000,0x000000001a9d0000)]
=>0x0000000019d0d000 JavaThread "C2 CompilerThread2" daemon [_thread_in_native, id=36108, stack(0x000000001a7d0000,0x000000001a8d0000)]
  0x0000000017efb000 JavaThread "C2 CompilerThread1" daemon [_thread_in_native, id=35528, stack(0x000000001a6d0000,0x000000001a7d0000)]
  0x0000000019d06000 JavaThread "C2 CompilerThread0" daemon [_thread_in_native, id=35256, stack(0x000000001a5d0000,0x000000001a6d0000)]
  0x0000000019d04800 JavaThread "Attach Listener" daemon [_thread_blocked, id=10052, stack(0x000000001a4d0000,0x000000001a5d0000)]
  0x0000000019d03800 JavaThread "Signal Dispatcher" daemon [_thread_blocked, id=17296, stack(0x000000001a3d0000,0x000000001a4d0000)]
  0x0000000002e7c800 JavaThread "Finalizer" daemon [_thread_blocked, id=12228, stack(0x000000001a1d0000,0x000000001a2d0000)]
  0x0000000019cf0800 JavaThread "Reference Handler" daemon [_thread_blocked, id=33812, stack(0x000000001a0d0000,0x000000001a1d0000)]
  0x000000000150e000 JavaThread "main" [_thread_blocked, id=1660, stack(0x0000000002c80000,0x0000000002d80000)]

Other Threads:
  0x0000000017ee8000 VMThread [stack: 0x0000000019bd0000,0x0000000019cd0000] [id=3432]
  0x0000000019d8c800 WatcherThread [stack: 0x000000001aad0000,0x000000001abd0000] [id=16608]

VM state:not at safepoint (normal execution)

VM Mutex/Monitor currently owned by a thread: None

heap address: 0x0000000080000000, size: 2048 MB, Compressed Oops mode: 32-bit
Narrow klass base: 0x0000000000000000, Narrow klass shift: 3
Compressed class space size: 1073741824 Address: 0x0000000100000000

Heap:
 PSYoungGen      total 38400K, used 19608K [0x00000000d5580000, 0x00000000d8000000, 0x0000000100000000)
  eden space 33280K, 43% used [0x00000000d5580000,0x00000000d63aa080,0x00000000d7600000)
  from space 5120K, 99% used [0x00000000d7b00000,0x00000000d7ffc030,0x00000000d8000000)
  to   space 5120K, 0% used [0x00000000d7600000,0x00000000d7600000,0x00000000d7b00000)
 ParOldGen       total 87552K, used 3936K [0x0000000080000000, 0x0000000085580000, 0x00000000d5580000)
  object space 87552K, 4% used [0x0000000080000000,0x00000000803d82c0,0x0000000085580000)
 Metaspace       used 15914K, capacity 16358K, committed 16768K, reserved 1062912K
  class space    used 2160K, capacity 2317K, committed 2432K, reserved 1048576K

Card table byte_map: [0x0000000012240000,0x0000000012650000] byte_map_base: 0x0000000011e40000

Marking Bits: (ParMarkBitMap*) 0x000000006542f030
 Begin Bits: [0x0000000013100000, 0x0000000015100000)
 End Bits:   [0x0000000015100000, 0x0000000017100000)

Polling page: 0x00000000014f0000

CodeCache: size=245760Kb used=5546Kb max_used=5546Kb free=240213Kb
 bounds [0x0000000002e80000, 0x00000000033f0000, 0x0000000011e80000]
 total_blobs=1949 nmethods=1555 adapters=307
 compilation: enabled

Compilation events (10 events):
Event: 2.761 Thread 0x0000000019d12000 1555       3       org.gradle.internal.service.DefaultServiceRegistry$CompositeServiceProvider::getService (49 bytes)
Event: 2.761 Thread 0x0000000019d12000 nmethod 1555 0x00000000033e5d50 code [0x00000000033e5ec0, 0x00000000033e6208]
Event: 2.761 Thread 0x0000000019d12000 1556       3       org.gradle.internal.service.DefaultServiceRegistry::assertValidServiceType (51 bytes)
Event: 2.762 Thread 0x0000000019d12000 nmethod 1556 0x00000000033e6390 code [0x00000000033e6560, 0x00000000033e6c68]
Event: 2.762 Thread 0x0000000019d12000 1557       3       java.lang.Class::isAnnotation (17 bytes)
Event: 2.762 Thread 0x0000000019d12000 nmethod 1557 0x00000000033e6ed0 code [0x00000000033e7040, 0x00000000033e72a8]
Event: 2.762 Thread 0x0000000019d12000 1558       1       java.util.Collections$EmptyList::isEmpty (2 bytes)
Event: 2.762 Thread 0x0000000019d12000 nmethod 1558 0x00000000033d3d10 code [0x00000000033d3e60, 0x00000000033d3f70]
Event: 2.762 Thread 0x0000000019d12000 1559       3       org.gradle.internal.service.DefaultServiceRegistry$OwnServices::getService (309 bytes)
Event: 2.765 Thread 0x0000000019d12000 nmethod 1559 0x00000000033e7350 code [0x00000000033e7840, 0x00000000033ea7d8]

GC Heap History (8 events):
Event: 0.883 GC heap before
{Heap before GC invocations=1 (full 0):
 PSYoungGen      total 38400K, used 33280K [0x00000000d5580000, 0x00000000d8000000, 0x0000000100000000)
  eden space 33280K, 100% used [0x00000000d5580000,0x00000000d7600000,0x00000000d7600000)
  from space 5120K, 0% used [0x00000000d7b00000,0x00000000d7b00000,0x00000000d8000000)
  to   space 5120K, 0% used [0x00000000d7600000,0x00000000d7600000,0x00000000d7b00000)
 ParOldGen       total 87552K, used 0K [0x0000000080000000, 0x0000000085580000, 0x00000000d5580000)
  object space 87552K, 0% used [0x0000000080000000,0x0000000080000000,0x0000000085580000)
 Metaspace       used 7189K, capacity 7364K, committed 7424K, reserved 1056768K
  class space    used 883K, capacity 968K, committed 1024K, reserved 1048576K
Event: 0.888 GC heap after
Heap after GC invocations=1 (full 0):
 PSYoungGen      total 38400K, used 4381K [0x00000000d5580000, 0x00000000d8000000, 0x0000000100000000)
  eden space 33280K, 0% used [0x00000000d5580000,0x00000000d5580000,0x00000000d7600000)
  from space 5120K, 85% used [0x00000000d7600000,0x00000000d7a47660,0x00000000d7b00000)
  to   space 5120K, 0% used [0x00000000d7b00000,0x00000000d7b00000,0x00000000d8000000)
 ParOldGen       total 87552K, used 16K [0x0000000080000000, 0x0000000085580000, 0x00000000d5580000)
  object space 87552K, 0% used [0x0000000080000000,0x0000000080004000,0x0000000085580000)
 Metaspace       used 7189K, capacity 7364K, committed 7424K, reserved 1056768K
  class space    used 883K, capacity 968K, committed 1024K, reserved 1048576K
}
Event: 1.166 GC heap before
{Heap before GC invocations=2 (full 0):
 PSYoungGen      total 38400K, used 37661K [0x00000000d5580000, 0x00000000d8000000, 0x0000000100000000)
  eden space 33280K, 100% used [0x00000000d5580000,0x00000000d7600000,0x00000000d7600000)
  from space 5120K, 85% used [0x00000000d7600000,0x00000000d7a47660,0x00000000d7b00000)
  to   space 5120K, 0% used [0x00000000d7b00000,0x00000000d7b00000,0x00000000d8000000)
 ParOldGen       total 87552K, used 16K [0x0000000080000000, 0x0000000085580000, 0x00000000d5580000)
  object space 87552K, 0% used [0x0000000080000000,0x0000000080004000,0x0000000085580000)
 Metaspace       used 7431K, capacity 7676K, committed 7936K, reserved 1056768K
  class space    used 912K, capacity 1008K, committed 1024K, reserved 1048576K
Event: 1.169 GC heap after
Heap after GC invocations=2 (full 0):
 PSYoungGen      total 38400K, used 3389K [0x00000000d5580000, 0x00000000d8000000, 0x0000000100000000)
  eden space 33280K, 0% used [0x00000000d5580000,0x00000000d5580000,0x00000000d7600000)
  from space 5120K, 66% used [0x00000000d7b00000,0x00000000d7e4f760,0x00000000d8000000)
  to   space 5120K, 0% used [0x00000000d7600000,0x00000000d7600000,0x00000000d7b00000)
 ParOldGen       total 87552K, used 24K [0x0000000080000000, 0x0000000085580000, 0x00000000d5580000)
  object space 87552K, 0% used [0x0000000080000000,0x0000000080006000,0x0000000085580000)
 Metaspace       used 7431K, capacity 7676K, committed 7936K, reserved 1056768K
  class space    used 912K, capacity 1008K, committed 1024K, reserved 1048576K
}
Event: 2.211 GC heap before
{Heap before GC invocations=3 (full 0):
 PSYoungGen      total 38400K, used 36669K [0x00000000d5580000, 0x00000000d8000000, 0x0000000100000000)
  eden space 33280K, 100% used [0x00000000d5580000,0x00000000d7600000,0x00000000d7600000)
  from space 5120K, 66% used [0x00000000d7b00000,0x00000000d7e4f760,0x00000000d8000000)
  to   space 5120K, 0% used [0x00000000d7600000,0x00000000d7600000,0x00000000d7b00000)
 ParOldGen       total 87552K, used 24K [0x0000000080000000, 0x0000000085580000, 0x00000000d5580000)
  object space 87552K, 0% used [0x0000000080000000,0x0000000080006000,0x0000000085580000)
 Metaspace       used 12162K, capacity 12472K, committed 12544K, reserved 1060864K
  class space    used 1618K, capacity 1730K, committed 1792K, reserved 1048576K
Event: 2.219 GC heap after
Heap after GC invocations=3 (full 0):
 PSYoungGen      total 38400K, used 5088K [0x00000000d5580000, 0x00000000d8000000, 0x0000000100000000)
  eden space 33280K, 0% used [0x00000000d5580000,0x00000000d5580000,0x00000000d7600000)
  from space 5120K, 99% used [0x00000000d7600000,0x00000000d7af8020,0x00000000d7b00000)
  to   space 5120K, 0% used [0x00000000d7b00000,0x00000000d7b00000,0x00000000d8000000)
 ParOldGen       total 87552K, used 1300K [0x0000000080000000, 0x0000000085580000, 0x00000000d5580000)
  object space 87552K, 1% used [0x0000000080000000,0x0000000080145298,0x0000000085580000)
 Metaspace       used 12162K, capacity 12472K, committed 12544K, reserved 1060864K
  class space    used 1618K, capacity 1730K, committed 1792K, reserved 1048576K
}
Event: 2.659 GC heap before
{Heap before GC invocations=4 (full 0):
 PSYoungGen      total 38400K, used 38368K [0x00000000d5580000, 0x00000000d8000000, 0x0000000100000000)
  eden space 33280K, 100% used [0x00000000d5580000,0x00000000d7600000,0x00000000d7600000)
  from space 5120K, 99% used [0x00000000d7600000,0x00000000d7af8020,0x00000000d7b00000)
  to   space 5120K, 0% used [0x00000000d7b00000,0x00000000d7b00000,0x00000000d8000000)
 ParOldGen       total 87552K, used 1300K [0x0000000080000000, 0x0000000085580000, 0x00000000d5580000)
  object space 87552K, 1% used [0x0000000080000000,0x0000000080145298,0x0000000085580000)
 Metaspace       used 15393K, capacity 15810K, committed 16128K, reserved 1062912K
  class space    used 2053K, capacity 2219K, committed 2304K, reserved 1048576K
Event: 2.666 GC heap after
Heap after GC invocations=4 (full 0):
 PSYoungGen      total 38400K, used 5104K [0x00000000d5580000, 0x00000000d8000000, 0x0000000100000000)
  eden space 33280K, 0% used [0x00000000d5580000,0x00000000d5580000,0x00000000d7600000)
  from space 5120K, 99% used [0x00000000d7b00000,0x00000000d7ffc030,0x00000000d8000000)
  to   space 5120K, 0% used [0x00000000d7600000,0x00000000d7600000,0x00000000d7b00000)
 ParOldGen       total 87552K, used 3936K [0x0000000080000000, 0x0000000085580000, 0x00000000d5580000)
  object space 87552K, 4% used [0x0000000080000000,0x00000000803d82c0,0x0000000085580000)
 Metaspace       used 15393K, capacity 15810K, committed 16128K, reserved 1062912K
  class space    used 2053K, capacity 2219K, committed 2304K, reserved 1048576K
}

Deoptimization events (10 events):
Event: 1.662 Thread 0x000000000150e000 Uncommon trap: reason=unstable_if action=reinterpret pc=0x00000000031bad8c method=java.io.WinNTFileSystem.normalize(Ljava/lang/String;)Ljava/lang/String; @ 128
Event: 2.108 Thread 0x000000001c687000 Uncommon trap: reason=unstable_if action=reinterpret pc=0x0000000003290de8 method=java.util.concurrent.ConcurrentHashMap.putVal(Ljava/lang/Object;Ljava/lang/Object;Z)Ljava/lang/Object; @ 206
Event: 2.135 Thread 0x000000001c687000 Uncommon trap: reason=unstable_if action=reinterpret pc=0x00000000031a6894 method=java.lang.String.substring(I)Ljava/lang/String; @ 35
Event: 2.193 Thread 0x000000001c6d0800 Uncommon trap: reason=bimorphic action=maybe_recompile pc=0x000000000315b54c method=java.util.HashMap.putVal(ILjava/lang/Object;Ljava/lang/Object;ZZ)Ljava/lang/Object; @ 253
Event: 2.193 Thread 0x000000001c6d0800 Uncommon trap: reason=bimorphic action=maybe_recompile pc=0x000000000315b54c method=java.util.HashMap.putVal(ILjava/lang/Object;Ljava/lang/Object;ZZ)Ljava/lang/Object; @ 253
Event: 2.193 Thread 0x000000001c6d0800 Uncommon trap: reason=bimorphic action=maybe_recompile pc=0x000000000315b54c method=java.util.HashMap.putVal(ILjava/lang/Object;Ljava/lang/Object;ZZ)Ljava/lang/Object; @ 253
Event: 2.501 Thread 0x000000001c6d0800 Uncommon trap: reason=class_check action=maybe_recompile pc=0x00000000031add18 method=java.util.regex.Matcher.match(II)Z @ 86
Event: 2.519 Thread 0x000000001c6d0800 Uncommon trap: reason=class_check action=maybe_recompile pc=0x00000000031add18 method=java.util.regex.Matcher.match(II)Z @ 86
Event: 2.520 Thread 0x000000001c6d0800 Uncommon trap: reason=class_check action=maybe_recompile pc=0x00000000031add18 method=java.util.regex.Matcher.match(II)Z @ 86
Event: 2.520 Thread 0x000000001c6d0800 Uncommon trap: reason=class_check action=maybe_recompile pc=0x0000000003044e8c method=java.util.regex.Matcher.match(II)Z @ 86

Classes redefined (0 events):
No events

Internal exceptions (10 events):
Event: 2.114 Thread 0x000000001c687000 Exception <a 'java/lang/NoSuchMethodError': <clinit>> (0x00000000d7273828) thrown at [C:\src\AOSP-openjdk-git\hotspot\src\share\vm\prims\jni.cpp, line 1615]
Event: 2.119 Thread 0x000000001c687000 Exception <a 'java/lang/NoSuchMethodError': <clinit>> (0x00000000d7286298) thrown at [C:\src\AOSP-openjdk-git\hotspot\src\share\vm\prims\jni.cpp, line 1615]
Event: 2.125 Thread 0x000000001c687000 Exception <a 'java/lang/NoSuchMethodError': <clinit>> (0x00000000d72acfb8) thrown at [C:\src\AOSP-openjdk-git\hotspot\src\share\vm\prims\jni.cpp, line 1615]
Event: 2.128 Thread 0x000000001c687000 Exception <a 'java/lang/NoSuchMethodError': <clinit>> (0x00000000d72c4bd0) thrown at [C:\src\AOSP-openjdk-git\hotspot\src\share\vm\prims\jni.cpp, line 1615]
Event: 2.129 Thread 0x000000001c687000 Exception <a 'java/lang/NoSuchMethodError': <clinit>> (0x00000000d72cd770) thrown at [C:\src\AOSP-openjdk-git\hotspot\src\share\vm\prims\jni.cpp, line 1615]
Event: 2.131 Thread 0x000000001c687000 Exception <a 'java/lang/NoSuchMethodError': <clinit>> (0x00000000d72e3b48) thrown at [C:\src\AOSP-openjdk-git\hotspot\src\share\vm\prims\jni.cpp, line 1615]
Event: 2.143 Thread 0x000000001c687000 Exception <a 'java/lang/NoSuchMethodError': <clinit>> (0x00000000d733dfc0) thrown at [C:\src\AOSP-openjdk-git\hotspot\src\share\vm\prims\jni.cpp, line 1615]
Event: 2.148 Thread 0x000000001c687000 Exception <a 'java/lang/NoSuchMethodError': <clinit>> (0x00000000d736a900) thrown at [C:\src\AOSP-openjdk-git\hotspot\src\share\vm\prims\jni.cpp, line 1615]
Event: 2.153 Thread 0x000000001c687000 Exception <a 'java/lang/NoSuchMethodError': <clinit>> (0x00000000d7397ad0) thrown at [C:\src\AOSP-openjdk-git\hotspot\src\share\vm\prims\jni.cpp, line 1615]
Event: 2.155 Thread 0x000000001c687000 Exception <a 'java/lang/NoSuchMethodError': <clinit>> (0x00000000d73a2b58) thrown at [C:\src\AOSP-openjdk-git\hotspot\src\share\vm\prims\jni.cpp, line 1615]

Events (10 events):
Event: 2.767 loading class org/gradle/internal/operations/DefaultBuildOperationQueueFactory
Event: 2.767 loading class org/gradle/internal/operations/DefaultBuildOperationQueueFactory done
Event: 2.767 loading class org/gradle/internal/operations/BuildOperationQueue
Event: 2.767 loading class org/gradle/internal/operations/BuildOperationQueue done
Event: 2.768 loading class org/gradle/internal/operations/DefaultBuildOperationExecutor$RunnableBuildOperationWorker
Event: 2.768 loading class org/gradle/internal/operations/DefaultBuildOperationExecutor$RunnableBuildOperationWorker done
Event: 2.768 loading class org/gradle/configuration/internal/DefaultUserCodeApplicationContext
Event: 2.768 loading class org/gradle/configuration/internal/DefaultUserCodeApplicationContext done
Event: 2.769 loading class org/gradle/configuration/internal/DefaultUserCodeApplicationContext$1
Event: 2.769 loading class org/gradle/configuration/internal/DefaultUserCodeApplicationContext$1 done


Dynamic libraries:
0x00007ff729790000 - 0x00007ff7297c1000 	C:\Program Files\Android\Android Studio\jre\bin\java.exe
0x00007fff1aca0000 - 0x00007fff1ae90000 	C:\WINDOWS\SYSTEM32\ntdll.dll
0x00007fff198d0000 - 0x00007fff19982000 	C:\WINDOWS\System32\KERNEL32.DLL
0x00007fff18010000 - 0x00007fff182b4000 	C:\WINDOWS\System32\KERNELBASE.dll
0x00007fff18fd0000 - 0x00007fff19073000 	C:\WINDOWS\System32\ADVAPI32.dll
0x00007fff19e50000 - 0x00007fff19eee000 	C:\WINDOWS\System32\msvcrt.dll
0x00007fff1a0b0000 - 0x00007fff1a147000 	C:\WINDOWS\System32\sechost.dll
0x00007fff19500000 - 0x00007fff19620000 	C:\WINDOWS\System32\RPCRT4.dll
0x00007fff19730000 - 0x00007fff198c4000 	C:\WINDOWS\System32\USER32.dll
0x00007fff182c0000 - 0x00007fff182e1000 	C:\WINDOWS\System32\win32u.dll
0x00007fff1a150000 - 0x00007fff1a176000 	C:\WINDOWS\System32\GDI32.dll
0x00007fff18420000 - 0x00007fff185b6000 	C:\WINDOWS\System32\gdi32full.dll
0x00007fff17d70000 - 0x00007fff17e0e000 	C:\WINDOWS\System32\msvcp_win.dll
0x00007fff17e10000 - 0x00007fff17f0a000 	C:\WINDOWS\System32\ucrtbase.dll
0x00007fff018a0000 - 0x00007fff01b24000 	C:\WINDOWS\WinSxS\amd64_microsoft.windows.common-controls_6595b64144ccf1df_6.0.18362.959_none_e6c7bbbf130c62bb\COMCTL32.dll
0x00007fff199a0000 - 0x00007fff19cd5000 	C:\WINDOWS\System32\combase.dll
0x00007fff183a0000 - 0x00007fff18420000 	C:\WINDOWS\System32\bcryptPrimitives.dll
0x00007fff19e20000 - 0x00007fff19e4e000 	C:\WINDOWS\System32\IMM32.DLL
0x0000000064aa0000 - 0x0000000064b72000 	C:\Program Files\Android\Android Studio\jre\jre\bin\msvcr100.dll
0x0000000064c60000 - 0x00000000654ab000 	C:\Program Files\Android\Android Studio\jre\jre\bin\server\jvm.dll
0x00007fff1ac50000 - 0x00007fff1ac58000 	C:\WINDOWS\System32\PSAPI.DLL
0x00007fff0f440000 - 0x00007fff0f449000 	C:\WINDOWS\SYSTEM32\WSOCK32.dll
0x00007fff19d00000 - 0x00007fff19d6f000 	C:\WINDOWS\System32\WS2_32.dll
0x00007fff15800000 - 0x00007fff15824000 	C:\WINDOWS\SYSTEM32\WINMM.dll
0x00007fff11370000 - 0x00007fff1137a000 	C:\WINDOWS\SYSTEM32\VERSION.dll
0x00007fff15380000 - 0x00007fff153ad000 	C:\WINDOWS\SYSTEM32\winmmbase.dll
0x00007fff18350000 - 0x00007fff1839a000 	C:\WINDOWS\System32\cfgmgr32.dll
0x00007fff011b0000 - 0x00007fff011bf000 	C:\Program Files\Android\Android Studio\jre\jre\bin\verify.dll
0x00007ffeeb3c0000 - 0x00007ffeeb3e9000 	C:\Program Files\Android\Android Studio\jre\jre\bin\java.dll
0x00007ffef3660000 - 0x00007ffef3676000 	C:\Program Files\Android\Android Studio\jre\jre\bin\zip.dll
0x00007fff1a4e0000 - 0x00007fff1abc6000 	C:\WINDOWS\System32\SHELL32.dll
0x00007fff19d70000 - 0x00007fff19e19000 	C:\WINDOWS\System32\shcore.dll
0x00007fff185c0000 - 0x00007fff18d42000 	C:\WINDOWS\System32\windows.storage.dll
0x00007fff17ba0000 - 0x00007fff17bc3000 	C:\WINDOWS\System32\profapi.dll
0x00007fff17bd0000 - 0x00007fff17c1a000 	C:\WINDOWS\System32\powrprof.dll
0x00007fff17b50000 - 0x00007fff17b60000 	C:\WINDOWS\System32\UMPDC.dll
0x00007fff1a250000 - 0x00007fff1a2a2000 	C:\WINDOWS\System32\shlwapi.dll
0x00007fff17b80000 - 0x00007fff17b91000 	C:\WINDOWS\System32\kernel.appcore.dll
0x00007fff17f10000 - 0x00007fff17f27000 	C:\WINDOWS\System32\cryptsp.dll
0x00007ffeeefb0000 - 0x00007ffeeefca000 	C:\Program Files\Android\Android Studio\jre\jre\bin\net.dll
0x00007fff17360000 - 0x00007fff173c7000 	C:\WINDOWS\system32\mswsock.dll
0x00007ffeee420000 - 0x00007ffeee433000 	C:\Program Files\Android\Android Studio\jre\jre\bin\nio.dll
0x00007ffee7730000 - 0x00007ffee7756000 	C:\Users\ps4ka\.gradle\native\31\windows-amd64\native-platform.dll
0x00007ffef7c20000 - 0x00007ffef7c2d000 	C:\Program Files\Android\Android Studio\jre\jre\bin\management.dll
0x00007fff16ed0000 - 0x00007fff16f03000 	C:\WINDOWS\system32\rsaenh.dll
0x00007fff17fe0000 - 0x00007fff18006000 	C:\WINDOWS\System32\bcrypt.dll
0x00007fff17a70000 - 0x00007fff17a95000 	C:\WINDOWS\SYSTEM32\USERENV.dll
0x00007fff17530000 - 0x00007fff1753c000 	C:\WINDOWS\SYSTEM32\CRYPTBASE.dll
0x00007fff17070000 - 0x00007fff170aa000 	C:\WINDOWS\SYSTEM32\IPHLPAPI.DLL
0x00007fff19080000 - 0x00007fff19088000 	C:\WINDOWS\System32\NSI.dll
0x00007fff0f8c0000 - 0x00007fff0f8d6000 	C:\WINDOWS\SYSTEM32\dhcpcsvc6.DLL
0x00007fff11430000 - 0x00007fff1144c000 	C:\WINDOWS\SYSTEM32\dhcpcsvc.DLL
0x00007fff170b0000 - 0x00007fff1717b000 	C:\WINDOWS\SYSTEM32\DNSAPI.dll

VM Arguments:
jvm_args: -Xmx2048m -Dfile.encoding=windows-1252 -Duser.country=US -Duser.language=en -Duser.variant 
java_command: org.gradle.launcher.daemon.bootstrap.GradleDaemon 6.1.1
java_class_path (initial): C:\Users\ps4ka\.gradle\wrapper\dists\gradle-6.1.1-all\cfmwm155h49vnt3hynmlrsdst\gradle-6.1.1\lib\gradle-launcher-6.1.1.jar
Launcher Type: SUN_STANDARD

Environment Variables:
PATH=C:\Program Files (x86)\Common Files\Oracle\Java\javapath;C:\WINDOWS\system32;C:\WINDOWS;C:\WINDOWS\System32\Wbem;C:\WINDOWS\System32\WindowsPowerShell\v1.0\;C:\WINDOWS\System32\OpenSSH\;C:\Program Files\Git\cmd;C:\Users\ps4ka\AppData\Local\Programs\Python\Python38\Scripts\;C:\Users\ps4ka\AppData\Local\Programs\Python\Python38\;C:\Users\ps4ka\AppData\Local\Programs\Python\Python36\Scripts\;C:\Users\ps4ka\AppData\Local\Programs\Python\Python36\;C:\Users\ps4ka\anaconda3;C:\Users\ps4ka\anaconda3\Library\mingw-w64\bin;C:\Users\ps4ka\anaconda3\Library\usr\bin;C:\Users\ps4ka\anaconda3\Library\bin;C:\Users\ps4ka\anaconda3\Scripts;C:\Users\ps4ka\AppData\Local\Programs\Python\Python38-32\Scripts\;C:\Users\ps4ka\AppData\Local\Programs\Python\Python38-32\;C:\Users\ps4ka\AppData\Local\Microsoft\WindowsApps;C:\Program Files\Java\jdk1.8.0_231\bin;
USERNAME=ps4ka
OS=Windows_NT
PROCESSOR_IDENTIFIER=Intel64 Family 6 Model 142 Stepping 10, GenuineIntel



---------------  S Y S T E M  ---------------

OS: Windows 10.0 , 64 bit Build 18362 (10.0.18362.959)

CPU:total 8 (initial active 8) (4 cores per cpu, 2 threads per core) family 6 model 142 stepping 10, cmov, cx8, fxsr, mmx, sse, sse2, sse3, ssse3, sse4.1, sse4.2, popcnt, avx, avx2, aes, clmul, erms, 3dnowpref, lzcnt, ht, tsc, tscinvbit, bmi1, bmi2, adx

Memory: 4k page, physical 8291556k(626452k free), swap 23757408k(5164k free)

vm_info: OpenJDK 64-Bit Server VM (25.242-b01) for windows-amd64 JRE (1.8.0_242-release-1644-b01), built by "builder" with MS VC++ 10.0 (VS2010)

time: Wed Aug 12 12:58:38 2020
timezone: Central Daylight Time
elapsed time: 2 seconds (0d 0h 0m 2s)

