#
# There is insufficient memory for the Java Runtime Environment to continue.
# Native memory allocation (malloc) failed to allocate 32744 bytes for ChunkPool::allocate
# Possible reasons:
#   The system is out of physical RAM or swap space
#   The process is running with CompressedOops enabled, and the Java Heap may be blocking the growth of the native heap
# Possible solutions:
#   Reduce memory load on the system
#   Increase physical memory or swap space
#   Check if swap backing store is full
#   Decrease Java heap size (-Xmx/-Xms)
#   Decrease number of Java threads
#   Decrease Java thread stack sizes (-Xss)
#   Set larger code cache with -XX:ReservedCodeCacheSize=
#   JVM is running with Unscaled Compressed Oops mode in which the Java heap is
#     placed in the first 4GB address space. The Java Heap base address is the
#     maximum limit for the native heap growth. Please use -XX:HeapBaseMinAddress
#     to set the Java Heap base and to place the Java Heap above 4GB virtual address.
# This output file may be truncated or incomplete.
#
#  Out of Memory Error (allocation.cpp:272), pid=13796, tid=0x0000000000006d58
#
# JRE version: OpenJDK Runtime Environment (8.0_242-b01) (build 1.8.0_242-release-1644-b01)
# Java VM: OpenJDK 64-Bit Server VM (25.242-b01 mixed mode windows-amd64 compressed oops)
# Failed to write core dump. Minidumps are not enabled by default on client versions of Windows
#

---------------  T H R E A D  ---------------

Current thread (0x0000000017cb9000):  JavaThread "C2 CompilerThread0" daemon [_thread_in_native, id=27992, stack(0x000000001a380000,0x000000001a480000)]

Stack: [0x000000001a380000,0x000000001a480000]
[error occurred during error reporting (printing stack bounds), id 0xc0000005]

Native frames: (J=compiled Java code, j=interpreted, Vv=VM code, C=native code)


Current CompileTask:
C2:   3670 1533   !   4       java.net.URLClassLoader$1::run (63 bytes)


---------------  P R O C E S S  ---------------

Java Threads: ( => current thread )
  0x0000000019aca800 JavaThread "Cache worker for file hash cache (C:\Users\ps4ka\.gradle\caches\6.1.1\fileHashes)" [_thread_blocked, id=13408, stack(0x000000001e7a0000,0x000000001e8a0000)]
  0x0000000019acc000 JavaThread "File lock request listener" [_thread_in_native, id=4248, stack(0x000000001e6a0000,0x000000001e7a0000)]
  0x000000001c6c6800 JavaThread "Cache worker for journal cache (C:\Users\ps4ka\.gradle\caches\journal-1)" [_thread_blocked, id=26016, stack(0x000000001e5a0000,0x000000001e6a0000)]
  0x000000001c59b000 JavaThread "Thread-9" [_thread_blocked, id=16928, stack(0x000000001e2a0000,0x000000001e3a0000)]
  0x000000001c5b9000 JavaThread "Stdin handler" [_thread_blocked, id=22556, stack(0x000000001e1a0000,0x000000001e2a0000)]
  0x000000001c5b6800 JavaThread "Asynchronous log dispatcher for DefaultDaemonConnection: socket connection from /127.0.0.1:62866 to /127.0.0.1:62867" [_thread_blocked, id=34420, stack(0x000000001e0a0000,0x000000001e1a0000)]
  0x000000001c5ad000 JavaThread "Daemon worker" [_thread_in_vm, id=10932, stack(0x000000001dfa0000,0x000000001e0a0000)]
  0x000000001c60c800 JavaThread "Cancel handler" [_thread_blocked, id=27808, stack(0x000000001dea0000,0x000000001dfa0000)]
  0x000000001c517000 JavaThread "Handler for socket connection from /127.0.0.1:62866 to /127.0.0.1:62867" [_thread_in_native, id=10972, stack(0x000000001dba0000,0x000000001dca0000)]
  0x000000001c514000 JavaThread "Daemon" [_thread_blocked, id=24780, stack(0x000000001daa0000,0x000000001dba0000)]
  0x000000001c506800 JavaThread "Daemon periodic checks" [_thread_blocked, id=15452, stack(0x000000001d9a0000,0x000000001daa0000)]
  0x000000001c4e3000 JavaThread "Incoming local TCP Connector on port 62866" [_thread_in_native, id=29640, stack(0x000000001d760000,0x000000001d860000)]
  0x000000001aa10800 JavaThread "Daemon health stats" [_thread_blocked, id=28160, stack(0x000000001d120000,0x000000001d220000)]
  0x0000000019b5a000 JavaThread "Service Thread" daemon [_thread_blocked, id=11432, stack(0x000000001a780000,0x000000001a880000)]
  0x0000000019ac7800 JavaThread "C1 CompilerThread3" daemon [_thread_blocked, id=28648, stack(0x000000001a680000,0x000000001a780000)]
  0x0000000019ac6800 JavaThread "C2 CompilerThread2" daemon [_thread_in_native, id=5492, stack(0x000000001a580000,0x000000001a680000)]
  0x0000000019ab7000 JavaThread "C2 CompilerThread1" daemon [_thread_in_native, id=17448, stack(0x000000001a480000,0x000000001a580000)]
=>0x0000000017cb9000 JavaThread "C2 CompilerThread0" daemon [_thread_in_native, id=27992, stack(0x000000001a380000,0x000000001a480000)]
  0x0000000019ab2800 JavaThread "Attach Listener" daemon [_thread_blocked, id=6952, stack(0x000000001a280000,0x000000001a380000)]
  0x0000000019ab6000 JavaThread "Signal Dispatcher" daemon [_thread_blocked, id=23788, stack(0x000000001a180000,0x000000001a280000)]
  0x0000000002b5c800 JavaThread "Finalizer" daemon [_thread_blocked, id=2388, stack(0x0000000019f80000,0x000000001a080000)]
  0x0000000019aa0800 JavaThread "Reference Handler" daemon [_thread_blocked, id=3736, stack(0x0000000019e80000,0x0000000019f80000)]
  0x0000000002bce000 JavaThread "main" [_thread_blocked, id=25984, stack(0x0000000001190000,0x0000000001290000)]

Other Threads:
  0x0000000017ca8000 VMThread [stack: 0x0000000019980000,0x0000000019a80000] [id=15292]
  0x0000000019b5a800 WatcherThread [stack: 0x000000001a880000,0x000000001a980000] [id=26232]

VM state:not at safepoint (normal execution)

VM Mutex/Monitor currently owned by a thread: None

heap address: 0x0000000080000000, size: 2048 MB, Compressed Oops mode: 32-bit
Narrow klass base: 0x0000000000000000, Narrow klass shift: 3
Compressed class space size: 1073741824 Address: 0x0000000100000000

Heap:
 PSYoungGen      total 38400K, used 26216K [0x00000000d5580000, 0x00000000da080000, 0x0000000100000000)
  eden space 33280K, 63% used [0x00000000d5580000,0x00000000d6a1e590,0x00000000d7600000)
  from space 5120K, 99% used [0x00000000d7b00000,0x00000000d7ffbc30,0x00000000d8000000)
  to   space 5120K, 0% used [0x00000000d7600000,0x00000000d7600000,0x00000000d7b00000)
 ParOldGen       total 87552K, used 3923K [0x0000000080000000, 0x0000000085580000, 0x00000000d5580000)
  object space 87552K, 4% used [0x0000000080000000,0x00000000803d4cc8,0x0000000085580000)
 Metaspace       used 16943K, capacity 17496K, committed 17920K, reserved 1064960K
  class space    used 2299K, capacity 2462K, committed 2560K, reserved 1048576K

Card table byte_map: [0x0000000012000000,0x0000000012410000] byte_map_base: 0x0000000011c00000

Marking Bits: (ParMarkBitMap*) 0x000000006542f030
 Begin Bits: [0x0000000012ec0000, 0x0000000014ec0000)
 End Bits:   [0x0000000014ec0000, 0x0000000016ec0000)

Polling page: 0x0000000001290000

CodeCache: size=245760Kb used=5634Kb max_used=5650Kb free=240125Kb
 bounds [0x0000000002c40000, 0x00000000031d0000, 0x0000000011c40000]
 total_blobs=2011 nmethods=1609 adapters=315
 compilation: enabled

Compilation events (10 events):
Event: 3.562 Thread 0x0000000019ac7800 1608       3       com.google.common.base.Splitter$1$1::<init> (12 bytes)
Event: 3.562 Thread 0x0000000019ac7800 nmethod 1608 0x00000000031ba650 code [0x00000000031ba7c0, 0x00000000031ba968]
Event: 3.562 Thread 0x0000000019ac7800 1609       3       com.google.common.base.Splitter$SplittingIterator::<init> (39 bytes)
Event: 3.563 Thread 0x0000000019ac7800 nmethod 1609 0x00000000031ba110 code [0x00000000031ba280, 0x00000000031ba530]
Event: 3.563 Thread 0x0000000019ac7800 1613       3       com.google.common.base.AbstractIterator::<init> (12 bytes)
Event: 3.563 Thread 0x0000000019ac7800 nmethod 1613 0x00000000031b9d10 code [0x00000000031b9e80, 0x00000000031ba050]
Event: 3.565 Thread 0x0000000019ab7000 nmethod 1610 0x00000000031c3810 code [0x00000000031c3960, 0x00000000031c3b98]
Event: 3.565 Thread 0x0000000019ab7000 1612 %     4       sun.nio.cs.UTF_8$Decoder::decodeArrayLoop @ 73 (691 bytes)
Event: 3.608 Thread 0x0000000019ab7000 nmethod 1612% 0x00000000031c66d0 code [0x00000000031c69a0, 0x00000000031c7b90]
Event: 3.608 Thread 0x0000000019ab7000 1614 %     4       com.google.common.io.LineBuffer::add @ 47 (204 bytes)

GC Heap History (8 events):
Event: 0.991 GC heap before
{Heap before GC invocations=1 (full 0):
 PSYoungGen      total 38400K, used 33280K [0x00000000d5580000, 0x00000000d8000000, 0x0000000100000000)
  eden space 33280K, 100% used [0x00000000d5580000,0x00000000d7600000,0x00000000d7600000)
  from space 5120K, 0% used [0x00000000d7b00000,0x00000000d7b00000,0x00000000d8000000)
  to   space 5120K, 0% used [0x00000000d7600000,0x00000000d7600000,0x00000000d7b00000)
 ParOldGen       total 87552K, used 0K [0x0000000080000000, 0x0000000085580000, 0x00000000d5580000)
  object space 87552K, 0% used [0x0000000080000000,0x0000000080000000,0x0000000085580000)
 Metaspace       used 7187K, capacity 7372K, committed 7680K, reserved 1056768K
  class space    used 883K, capacity 968K, committed 1024K, reserved 1048576K
Event: 0.997 GC heap after
Heap after GC invocations=1 (full 0):
 PSYoungGen      total 38400K, used 4344K [0x00000000d5580000, 0x00000000d8000000, 0x0000000100000000)
  eden space 33280K, 0% used [0x00000000d5580000,0x00000000d5580000,0x00000000d7600000)
  from space 5120K, 84% used [0x00000000d7600000,0x00000000d7a3e218,0x00000000d7b00000)
  to   space 5120K, 0% used [0x00000000d7b00000,0x00000000d7b00000,0x00000000d8000000)
 ParOldGen       total 87552K, used 16K [0x0000000080000000, 0x0000000085580000, 0x00000000d5580000)
  object space 87552K, 0% used [0x0000000080000000,0x0000000080004000,0x0000000085580000)
 Metaspace       used 7187K, capacity 7372K, committed 7680K, reserved 1056768K
  class space    used 883K, capacity 968K, committed 1024K, reserved 1048576K
}
Event: 1.396 GC heap before
{Heap before GC invocations=2 (full 0):
 PSYoungGen      total 38400K, used 37624K [0x00000000d5580000, 0x00000000d8000000, 0x0000000100000000)
  eden space 33280K, 100% used [0x00000000d5580000,0x00000000d7600000,0x00000000d7600000)
  from space 5120K, 84% used [0x00000000d7600000,0x00000000d7a3e218,0x00000000d7b00000)
  to   space 5120K, 0% used [0x00000000d7b00000,0x00000000d7b00000,0x00000000d8000000)
 ParOldGen       total 87552K, used 16K [0x0000000080000000, 0x0000000085580000, 0x00000000d5580000)
  object space 87552K, 0% used [0x0000000080000000,0x0000000080004000,0x0000000085580000)
 Metaspace       used 7434K, capacity 7684K, committed 7936K, reserved 1056768K
  class space    used 912K, capacity 1008K, committed 1024K, reserved 1048576K
Event: 1.399 GC heap after
Heap after GC invocations=2 (full 0):
 PSYoungGen      total 38400K, used 3361K [0x00000000d5580000, 0x00000000d8000000, 0x0000000100000000)
  eden space 33280K, 0% used [0x00000000d5580000,0x00000000d5580000,0x00000000d7600000)
  from space 5120K, 65% used [0x00000000d7b00000,0x00000000d7e48578,0x00000000d8000000)
  to   space 5120K, 0% used [0x00000000d7600000,0x00000000d7600000,0x00000000d7b00000)
 ParOldGen       total 87552K, used 24K [0x0000000080000000, 0x0000000085580000, 0x00000000d5580000)
  object space 87552K, 0% used [0x0000000080000000,0x0000000080006000,0x0000000085580000)
 Metaspace       used 7434K, capacity 7684K, committed 7936K, reserved 1056768K
  class space    used 912K, capacity 1008K, committed 1024K, reserved 1048576K
}
Event: 2.519 GC heap before
{Heap before GC invocations=3 (full 0):
 PSYoungGen      total 38400K, used 36641K [0x00000000d5580000, 0x00000000d8000000, 0x0000000100000000)
  eden space 33280K, 100% used [0x00000000d5580000,0x00000000d7600000,0x00000000d7600000)
  from space 5120K, 65% used [0x00000000d7b00000,0x00000000d7e48578,0x00000000d8000000)
  to   space 5120K, 0% used [0x00000000d7600000,0x00000000d7600000,0x00000000d7b00000)
 ParOldGen       total 87552K, used 24K [0x0000000080000000, 0x0000000085580000, 0x00000000d5580000)
  object space 87552K, 0% used [0x0000000080000000,0x0000000080006000,0x0000000085580000)
 Metaspace       used 12217K, capacity 12512K, committed 12544K, reserved 1060864K
  class space    used 1628K, capacity 1762K, committed 1792K, reserved 1048576K
Event: 2.529 GC heap after
Heap after GC invocations=3 (full 0):
 PSYoungGen      total 38400K, used 5088K [0x00000000d5580000, 0x00000000d8000000, 0x0000000100000000)
  eden space 33280K, 0% used [0x00000000d5580000,0x00000000d5580000,0x00000000d7600000)
  from space 5120K, 99% used [0x00000000d7600000,0x00000000d7af8020,0x00000000d7b00000)
  to   space 5120K, 0% used [0x00000000d7b00000,0x00000000d7b00000,0x00000000d8000000)
 ParOldGen       total 87552K, used 1305K [0x0000000080000000, 0x0000000085580000, 0x00000000d5580000)
  object space 87552K, 1% used [0x0000000080000000,0x0000000080146400,0x0000000085580000)
 Metaspace       used 12217K, capacity 12512K, committed 12544K, reserved 1060864K
  class space    used 1628K, capacity 1762K, committed 1792K, reserved 1048576K
}
Event: 3.061 GC heap before
{Heap before GC invocations=4 (full 0):
 PSYoungGen      total 38400K, used 38368K [0x00000000d5580000, 0x00000000d8000000, 0x0000000100000000)
  eden space 33280K, 100% used [0x00000000d5580000,0x00000000d7600000,0x00000000d7600000)
  from space 5120K, 99% used [0x00000000d7600000,0x00000000d7af8020,0x00000000d7b00000)
  to   space 5120K, 0% used [0x00000000d7b00000,0x00000000d7b00000,0x00000000d8000000)
 ParOldGen       total 87552K, used 1305K [0x0000000080000000, 0x0000000085580000, 0x00000000d5580000)
  object space 87552K, 1% used [0x0000000080000000,0x0000000080146400,0x0000000085580000)
 Metaspace       used 15407K, capacity 15818K, committed 16128K, reserved 1062912K
  class space    used 2060K, capacity 2219K, committed 2304K, reserved 1048576K
Event: 3.072 GC heap after
Heap after GC invocations=4 (full 0):
 PSYoungGen      total 38400K, used 5103K [0x00000000d5580000, 0x00000000da080000, 0x0000000100000000)
  eden space 33280K, 0% used [0x00000000d5580000,0x00000000d5580000,0x00000000d7600000)
  from space 5120K, 99% used [0x00000000d7b00000,0x00000000d7ffbc30,0x00000000d8000000)
  to   space 5120K, 0% used [0x00000000d7600000,0x00000000d7600000,0x00000000d7b00000)
 ParOldGen       total 87552K, used 3923K [0x0000000080000000, 0x0000000085580000, 0x00000000d5580000)
  object space 87552K, 4% used [0x0000000080000000,0x00000000803d4cc8,0x0000000085580000)
 Metaspace       used 15407K, capacity 15818K, committed 16128K, reserved 1062912K
  class space    used 2060K, capacity 2219K, committed 2304K, reserved 1048576K
}

Deoptimization events (10 events):
Event: 2.351 Thread 0x000000001c517000 Uncommon trap: reason=unstable_if action=reinterpret pc=0x0000000002f6c194 method=java.lang.String.substring(I)Ljava/lang/String; @ 35
Event: 2.461 Thread 0x000000001c5ad000 Uncommon trap: reason=bimorphic action=maybe_recompile pc=0x0000000002f0d114 method=java.util.HashMap.putVal(ILjava/lang/Object;Ljava/lang/Object;ZZ)Ljava/lang/Object; @ 253
Event: 2.461 Thread 0x000000001c5ad000 Uncommon trap: reason=bimorphic action=maybe_recompile pc=0x0000000002f0d114 method=java.util.HashMap.putVal(ILjava/lang/Object;Ljava/lang/Object;ZZ)Ljava/lang/Object; @ 253
Event: 2.461 Thread 0x000000001c5ad000 Uncommon trap: reason=class_check action=maybe_recompile pc=0x0000000002f0dac4 method=java.util.HashMap.putVal(ILjava/lang/Object;Ljava/lang/Object;ZZ)Ljava/lang/Object; @ 203
Event: 2.461 Thread 0x000000001c5ad000 Uncommon trap: reason=class_check action=maybe_recompile pc=0x0000000002f0dac4 method=java.util.HashMap.putVal(ILjava/lang/Object;Ljava/lang/Object;ZZ)Ljava/lang/Object; @ 203
Event: 2.797 Thread 0x000000001c5ad000 Uncommon trap: reason=class_check action=maybe_recompile pc=0x0000000002f74158 method=java.util.regex.Matcher.match(II)Z @ 86
Event: 2.797 Thread 0x000000001c5ad000 Uncommon trap: reason=class_check action=maybe_recompile pc=0x0000000002f74158 method=java.util.regex.Matcher.match(II)Z @ 86
Event: 2.798 Thread 0x000000001c5ad000 Uncommon trap: reason=class_check action=maybe_recompile pc=0x0000000002f74158 method=java.util.regex.Matcher.match(II)Z @ 86
Event: 2.798 Thread 0x000000001c5ad000 Uncommon trap: reason=class_check action=maybe_recompile pc=0x0000000002df785c method=java.util.regex.Matcher.match(II)Z @ 86
Event: 3.294 Thread 0x000000001c5ad000 Uncommon trap: reason=unstable_if action=reinterpret pc=0x0000000002f72d1c method=java.io.File.getName()Ljava/lang/String; @ 16

Classes redefined (0 events):
No events

Internal exceptions (10 events):
Event: 2.345 Thread 0x000000001c517000 Exception <a 'java/lang/NoSuchMethodError': <clinit>> (0x00000000d724cf08) thrown at [C:\src\AOSP-openjdk-git\hotspot\src\share\vm\prims\jni.cpp, line 1615]
Event: 2.346 Thread 0x000000001c517000 Exception <a 'java/lang/NoSuchMethodError': <clinit>> (0x00000000d7255aa8) thrown at [C:\src\AOSP-openjdk-git\hotspot\src\share\vm\prims\jni.cpp, line 1615]
Event: 2.349 Thread 0x000000001c517000 Exception <a 'java/lang/NoSuchMethodError': <clinit>> (0x00000000d726be70) thrown at [C:\src\AOSP-openjdk-git\hotspot\src\share\vm\prims\jni.cpp, line 1615]
Event: 2.360 Thread 0x000000001c517000 Exception <a 'java/lang/NoSuchMethodError': <clinit>> (0x00000000d72c6620) thrown at [C:\src\AOSP-openjdk-git\hotspot\src\share\vm\prims\jni.cpp, line 1615]
Event: 2.366 Thread 0x000000001c517000 Exception <a 'java/lang/NoSuchMethodError': <clinit>> (0x00000000d72f2f60) thrown at [C:\src\AOSP-openjdk-git\hotspot\src\share\vm\prims\jni.cpp, line 1615]
Event: 2.373 Thread 0x000000001c517000 Exception <a 'java/lang/NoSuchMethodError': <clinit>> (0x00000000d7320130) thrown at [C:\src\AOSP-openjdk-git\hotspot\src\share\vm\prims\jni.cpp, line 1615]
Event: 2.374 Thread 0x000000001c517000 Exception <a 'java/lang/NoSuchMethodError': <clinit>> (0x00000000d732b1b8) thrown at [C:\src\AOSP-openjdk-git\hotspot\src\share\vm\prims\jni.cpp, line 1615]
Event: 3.423 Thread 0x000000001c5ad000 Exception <a 'java/lang/NoSuchMethodError': java.lang.Object.lambda$and$0(Ljava/util/function/Predicate;Ljava/lang/Object;)Z> (0x00000000d652f048) thrown at [C:\src\AOSP-openjdk-git\hotspot\src\share\vm\interpreter\linkResolver.cpp, line 620]
Event: 3.433 Thread 0x000000001c5ad000 Exception <a 'java/lang/IncompatibleClassChangeError': Found class java.lang.Object, but interface was expected> (0x00000000d653f838) thrown at [C:\src\AOSP-openjdk-git\hotspot\src\share\vm\interpreter\linkResolver.cpp, line 653]
Event: 3.437 Thread 0x000000001c5ad000 Exception <a 'java/lang/NoSuchMethodError': java.lang.Object.lambda$or$2(Ljava/util/function/Predicate;Ljava/lang/Object;)Z> (0x00000000d6544758) thrown at [C:\src\AOSP-openjdk-git\hotspot\src\share\vm\interpreter\linkResolver.cpp, line 620]

Events (10 events):
Event: 3.571 loading class org/gradle/groovy/scripts/internal/BuildOperationBackedScriptCompilationHandler$1
Event: 3.571 loading class org/gradle/groovy/scripts/internal/BuildOperationBackedScriptCompilationHandler$1 done
Event: 3.572 loading class org/gradle/groovy/scripts/internal/DefaultScriptCompilationHandler
Event: 3.572 loading class org/gradle/groovy/scripts/internal/DefaultScriptCompilationHandler done
Event: 3.574 loading class org/codehaus/groovy/control/MultipleCompilationErrorsException
Event: 3.574 loading class org/codehaus/groovy/control/MultipleCompilationErrorsException done
Event: 3.580 loading class org/codehaus/groovy/control/CompilationFailedException
Event: 3.580 loading class org/codehaus/groovy/control/CompilationFailedException done
Event: 3.582 loading class groovy/lang/GroovyRuntimeException
Event: 3.582 loading class groovy/lang/GroovyRuntimeException done


Dynamic libraries:
0x00007ff729790000 - 0x00007ff7297c1000 	C:\Program Files\Android\Android Studio\jre\bin\java.exe
0x00007fff1aca0000 - 0x00007fff1ae90000 	C:\WINDOWS\SYSTEM32\ntdll.dll
0x00007fff198d0000 - 0x00007fff19982000 	C:\WINDOWS\System32\KERNEL32.DLL
0x00007fff18010000 - 0x00007fff182b4000 	C:\WINDOWS\System32\KERNELBASE.dll
0x00007fff18fd0000 - 0x00007fff19073000 	C:\WINDOWS\System32\ADVAPI32.dll
0x00007fff19e50000 - 0x00007fff19eee000 	C:\WINDOWS\System32\msvcrt.dll
0x00007fff1a0b0000 - 0x00007fff1a147000 	C:\WINDOWS\System32\sechost.dll
0x00007fff19500000 - 0x00007fff19620000 	C:\WINDOWS\System32\RPCRT4.dll
0x00007fff19730000 - 0x00007fff198c4000 	C:\WINDOWS\System32\USER32.dll
0x00007fff182c0000 - 0x00007fff182e1000 	C:\WINDOWS\System32\win32u.dll
0x00007fff1a150000 - 0x00007fff1a176000 	C:\WINDOWS\System32\GDI32.dll
0x00007fff18420000 - 0x00007fff185b6000 	C:\WINDOWS\System32\gdi32full.dll
0x00007fff17d70000 - 0x00007fff17e0e000 	C:\WINDOWS\System32\msvcp_win.dll
0x00007fff17e10000 - 0x00007fff17f0a000 	C:\WINDOWS\System32\ucrtbase.dll
0x00007fff018a0000 - 0x00007fff01b24000 	C:\WINDOWS\WinSxS\amd64_microsoft.windows.common-controls_6595b64144ccf1df_6.0.18362.959_none_e6c7bbbf130c62bb\COMCTL32.dll
0x00007fff199a0000 - 0x00007fff19cd5000 	C:\WINDOWS\System32\combase.dll
0x00007fff183a0000 - 0x00007fff18420000 	C:\WINDOWS\System32\bcryptPrimitives.dll
0x00007fff19e20000 - 0x00007fff19e4e000 	C:\WINDOWS\System32\IMM32.DLL
0x0000000064aa0000 - 0x0000000064b72000 	C:\Program Files\Android\Android Studio\jre\jre\bin\msvcr100.dll
0x0000000064c60000 - 0x00000000654ab000 	C:\Program Files\Android\Android Studio\jre\jre\bin\server\jvm.dll
0x00007fff1ac50000 - 0x00007fff1ac58000 	C:\WINDOWS\System32\PSAPI.DLL
0x00007fff0f440000 - 0x00007fff0f449000 	C:\WINDOWS\SYSTEM32\WSOCK32.dll
0x00007fff11370000 - 0x00007fff1137a000 	C:\WINDOWS\SYSTEM32\VERSION.dll
0x00007fff19d00000 - 0x00007fff19d6f000 	C:\WINDOWS\System32\WS2_32.dll
0x00007fff15800000 - 0x00007fff15824000 	C:\WINDOWS\SYSTEM32\WINMM.dll
0x00007fff15380000 - 0x00007fff153ad000 	C:\WINDOWS\SYSTEM32\winmmbase.dll
0x00007fff18350000 - 0x00007fff1839a000 	C:\WINDOWS\System32\cfgmgr32.dll
0x00007fff011b0000 - 0x00007fff011bf000 	C:\Program Files\Android\Android Studio\jre\jre\bin\verify.dll
0x00007ffeeb3c0000 - 0x00007ffeeb3e9000 	C:\Program Files\Android\Android Studio\jre\jre\bin\java.dll
0x00007ffef3660000 - 0x00007ffef3676000 	C:\Program Files\Android\Android Studio\jre\jre\bin\zip.dll
0x00007fff1a4e0000 - 0x00007fff1abc6000 	C:\WINDOWS\System32\SHELL32.dll
0x00007fff19d70000 - 0x00007fff19e19000 	C:\WINDOWS\System32\shcore.dll
0x00007fff185c0000 - 0x00007fff18d42000 	C:\WINDOWS\System32\windows.storage.dll
0x00007fff17ba0000 - 0x00007fff17bc3000 	C:\WINDOWS\System32\profapi.dll
0x00007fff17bd0000 - 0x00007fff17c1a000 	C:\WINDOWS\System32\powrprof.dll
0x00007fff17b50000 - 0x00007fff17b60000 	C:\WINDOWS\System32\UMPDC.dll
0x00007fff1a250000 - 0x00007fff1a2a2000 	C:\WINDOWS\System32\shlwapi.dll
0x00007fff17b80000 - 0x00007fff17b91000 	C:\WINDOWS\System32\kernel.appcore.dll
0x00007fff17f10000 - 0x00007fff17f27000 	C:\WINDOWS\System32\cryptsp.dll
0x00007ffeeefb0000 - 0x00007ffeeefca000 	C:\Program Files\Android\Android Studio\jre\jre\bin\net.dll
0x00007fff17360000 - 0x00007fff173c7000 	C:\WINDOWS\system32\mswsock.dll
0x00007ffeee420000 - 0x00007ffeee433000 	C:\Program Files\Android\Android Studio\jre\jre\bin\nio.dll
0x00007ffee7730000 - 0x00007ffee7756000 	C:\Users\ps4ka\.gradle\native\31\windows-amd64\native-platform.dll
0x00007ffef7c20000 - 0x00007ffef7c2d000 	C:\Program Files\Android\Android Studio\jre\jre\bin\management.dll
0x00007fff16ed0000 - 0x00007fff16f03000 	C:\WINDOWS\system32\rsaenh.dll
0x00007fff17fe0000 - 0x00007fff18006000 	C:\WINDOWS\System32\bcrypt.dll
0x00007fff17a70000 - 0x00007fff17a95000 	C:\WINDOWS\SYSTEM32\USERENV.dll
0x00007fff17530000 - 0x00007fff1753c000 	C:\WINDOWS\SYSTEM32\CRYPTBASE.dll
0x00007fff17070000 - 0x00007fff170aa000 	C:\WINDOWS\SYSTEM32\IPHLPAPI.DLL
0x00007fff19080000 - 0x00007fff19088000 	C:\WINDOWS\System32\NSI.dll
0x00007fff0f8c0000 - 0x00007fff0f8d6000 	C:\WINDOWS\SYSTEM32\dhcpcsvc6.DLL
0x00007fff11430000 - 0x00007fff1144c000 	C:\WINDOWS\SYSTEM32\dhcpcsvc.DLL
0x00007fff170b0000 - 0x00007fff1717b000 	C:\WINDOWS\SYSTEM32\DNSAPI.dll

VM Arguments:
jvm_args: -Xmx2048m -Dfile.encoding=windows-1252 -Duser.country=US -Duser.language=en -Duser.variant 
java_command: org.gradle.launcher.daemon.bootstrap.GradleDaemon 6.1.1
java_class_path (initial): C:\Users\ps4ka\.gradle\wrapper\dists\gradle-6.1.1-all\cfmwm155h49vnt3hynmlrsdst\gradle-6.1.1\lib\gradle-launcher-6.1.1.jar
Launcher Type: SUN_STANDARD

Environment Variables:
PATH=C:\Program Files (x86)\Common Files\Oracle\Java\javapath;C:\WINDOWS\system32;C:\WINDOWS;C:\WINDOWS\System32\Wbem;C:\WINDOWS\System32\WindowsPowerShell\v1.0\;C:\WINDOWS\System32\OpenSSH\;C:\Program Files\Git\cmd;C:\Users\ps4ka\AppData\Local\Programs\Python\Python38\Scripts\;C:\Users\ps4ka\AppData\Local\Programs\Python\Python38\;C:\Users\ps4ka\AppData\Local\Programs\Python\Python36\Scripts\;C:\Users\ps4ka\AppData\Local\Programs\Python\Python36\;C:\Users\ps4ka\anaconda3;C:\Users\ps4ka\anaconda3\Library\mingw-w64\bin;C:\Users\ps4ka\anaconda3\Library\usr\bin;C:\Users\ps4ka\anaconda3\Library\bin;C:\Users\ps4ka\anaconda3\Scripts;C:\Users\ps4ka\AppData\Local\Programs\Python\Python38-32\Scripts\;C:\Users\ps4ka\AppData\Local\Programs\Python\Python38-32\;C:\Users\ps4ka\AppData\Local\Microsoft\WindowsApps;C:\Program Files\Java\jdk1.8.0_231\bin;
USERNAME=ps4ka
OS=Windows_NT
PROCESSOR_IDENTIFIER=Intel64 Family 6 Model 142 Stepping 10, GenuineIntel



---------------  S Y S T E M  ---------------

OS: Windows 10.0 , 64 bit Build 18362 (10.0.18362.959)

CPU:total 8 (initial active 8) (4 cores per cpu, 2 threads per core) family 6 model 142 stepping 10, cmov, cx8, fxsr, mmx, sse, sse2, sse3, ssse3, sse4.1, sse4.2, popcnt, avx, avx2, aes, clmul, erms, 3dnowpref, lzcnt, ht, tsc, tscinvbit, bmi1, bmi2, adx

Memory: 4k page, physical 8291556k(387700k free), swap 23757408k(4132k free)

vm_info: OpenJDK 64-Bit Server VM (25.242-b01) for windows-amd64 JRE (1.8.0_242-release-1644-b01), built by "builder" with MS VC++ 10.0 (VS2010)

time: Wed Aug 12 12:07:00 2020
timezone: Central Daylight Time
elapsed time: 3 seconds (0d 0h 0m 3s)

